[2025-12-24T00:00:03.439+0000] {taskinstance.py:1956} INFO - Dependencies all met for dep_context=non-requeueable deps ti=<TaskInstance: user_activity_pipeline.transform_to_silver scheduled__2025-12-23T00:00:00+00:00 [queued]>
[2025-12-24T00:00:03.441+0000] {taskinstance.py:1956} INFO - Dependencies all met for dep_context=requeueable deps ti=<TaskInstance: user_activity_pipeline.transform_to_silver scheduled__2025-12-23T00:00:00+00:00 [queued]>
[2025-12-24T00:00:03.442+0000] {taskinstance.py:2170} INFO - Starting attempt 1 of 3
[2025-12-24T00:00:03.447+0000] {taskinstance.py:2191} INFO - Executing <Task(PythonOperator): transform_to_silver> on 2025-12-23 00:00:00+00:00
[2025-12-24T00:00:03.449+0000] {standard_task_runner.py:60} INFO - Started process 360 to run task
[2025-12-24T00:00:03.451+0000] {standard_task_runner.py:87} INFO - Running: ['airflow', 'tasks', 'run', 'user_activity_pipeline', 'transform_to_silver', 'scheduled__2025-12-23T00:00:00+00:00', '--job-id', '15', '--raw', '--subdir', 'DAGS_FOLDER/user_activity_pipeline.py', '--cfg-path', '/tmp/tmpol6mvr4r']
[2025-12-24T00:00:03.452+0000] {standard_task_runner.py:88} INFO - Job 15: Subtask transform_to_silver
[2025-12-24T00:00:03.463+0000] {task_command.py:423} INFO - Running <TaskInstance: user_activity_pipeline.transform_to_silver scheduled__2025-12-23T00:00:00+00:00 [running]> on host 71784f2a3374
[2025-12-24T00:00:03.527+0000] {taskinstance.py:2480} INFO - Exporting env vars: AIRFLOW_CTX_DAG_OWNER='airflow' AIRFLOW_CTX_DAG_ID='user_activity_pipeline' AIRFLOW_CTX_TASK_ID='transform_to_silver' AIRFLOW_CTX_EXECUTION_DATE='2025-12-23T00:00:00+00:00' AIRFLOW_CTX_TRY_NUMBER='1' AIRFLOW_CTX_DAG_RUN_ID='scheduled__2025-12-23T00:00:00+00:00'
[2025-12-24T00:00:03.528+0000] {logging_mixin.py:188} INFO - [SILVER] Stored 10 cleaned events for 2025-12-23
[2025-12-24T00:00:03.528+0000] {python.py:201} INFO - Done. Returned value was: None
[2025-12-24T00:00:03.530+0000] {taskinstance.py:1138} INFO - Marking task as SUCCESS. dag_id=user_activity_pipeline, task_id=transform_to_silver, execution_date=20251223T000000, start_date=20251224T000003, end_date=20251224T000003
[2025-12-24T00:00:03.557+0000] {local_task_job_runner.py:234} INFO - Task exited with return code 0
[2025-12-24T00:00:03.563+0000] {taskinstance.py:3280} INFO - 1 downstream tasks scheduled from follow-on schedule check
[2026-01-01T19:44:10.742+0000] {taskinstance.py:1956} INFO - Dependencies all met for dep_context=non-requeueable deps ti=<TaskInstance: user_activity_pipeline.transform_to_silver scheduled__2025-12-23T00:00:00+00:00 [queued]>
[2026-01-01T19:44:10.744+0000] {taskinstance.py:1956} INFO - Dependencies all met for dep_context=requeueable deps ti=<TaskInstance: user_activity_pipeline.transform_to_silver scheduled__2025-12-23T00:00:00+00:00 [queued]>
[2026-01-01T19:44:10.744+0000] {taskinstance.py:2170} INFO - Starting attempt 1 of 3
[2026-01-01T19:44:10.748+0000] {taskinstance.py:2191} INFO - Executing <Task(PythonOperator): transform_to_silver> on 2025-12-23 00:00:00+00:00
[2026-01-01T19:44:10.749+0000] {standard_task_runner.py:60} INFO - Started process 192 to run task
[2026-01-01T19:44:10.750+0000] {standard_task_runner.py:87} INFO - Running: ['airflow', 'tasks', 'run', 'user_activity_pipeline', 'transform_to_silver', 'scheduled__2025-12-23T00:00:00+00:00', '--job-id', '12', '--raw', '--subdir', 'DAGS_FOLDER/user_activity_pipeline.py', '--cfg-path', '/tmp/tmpunn3nd7r']
[2026-01-01T19:44:10.751+0000] {standard_task_runner.py:88} INFO - Job 12: Subtask transform_to_silver
[2026-01-01T19:44:10.762+0000] {task_command.py:423} INFO - Running <TaskInstance: user_activity_pipeline.transform_to_silver scheduled__2025-12-23T00:00:00+00:00 [running]> on host af33cbcfb695
[2026-01-01T19:44:10.825+0000] {taskinstance.py:2480} INFO - Exporting env vars: AIRFLOW_CTX_DAG_OWNER='airflow' AIRFLOW_CTX_DAG_ID='user_activity_pipeline' AIRFLOW_CTX_TASK_ID='transform_to_silver' AIRFLOW_CTX_EXECUTION_DATE='2025-12-23T00:00:00+00:00' AIRFLOW_CTX_TRY_NUMBER='1' AIRFLOW_CTX_DAG_RUN_ID='scheduled__2025-12-23T00:00:00+00:00'
[2026-01-01T19:44:10.826+0000] {taskinstance.py:2698} ERROR - Task failed with exception
Traceback (most recent call last):
  File "/home/airflow/.local/lib/python3.9/site-packages/airflow/models/taskinstance.py", line 433, in _execute_task
    result = execute_callable(context=context, **execute_callable_kwargs)
  File "/home/airflow/.local/lib/python3.9/site-packages/airflow/operators/python.py", line 199, in execute
    return_value = self.execute_callable()
  File "/home/airflow/.local/lib/python3.9/site-packages/airflow/operators/python.py", line 216, in execute_callable
    return self.python_callable(*self.op_args, **self.op_kwargs)
  File "/opt/airflow/dags/user_activity_pipeline.py", line 16, in transform_task
    transform(execution_date)
  File "/opt/airflow/project/etl.py", line 22, in transform
    transform_event(execution_date)
  File "/opt/airflow/project/transformation/transform_event.py", line 35, in transform_event
    os.makedirs(silver_dir, exist_ok=True)
  File "/usr/local/lib/python3.9/os.py", line 215, in makedirs
    makedirs(head, exist_ok=exist_ok)
  File "/usr/local/lib/python3.9/os.py", line 215, in makedirs
    makedirs(head, exist_ok=exist_ok)
  File "/usr/local/lib/python3.9/os.py", line 215, in makedirs
    makedirs(head, exist_ok=exist_ok)
  [Previous line repeated 1 more time]
  File "/usr/local/lib/python3.9/os.py", line 225, in makedirs
    mkdir(name, mode)
PermissionError: [Errno 13] Permission denied: '/opt/spark'
[2026-01-01T19:44:10.827+0000] {taskinstance.py:1138} INFO - Marking task as UP_FOR_RETRY. dag_id=user_activity_pipeline, task_id=transform_to_silver, execution_date=20251223T000000, start_date=20260101T194410, end_date=20260101T194410
[2026-01-01T19:44:10.830+0000] {standard_task_runner.py:107} ERROR - Failed to execute job 12 for task transform_to_silver ([Errno 13] Permission denied: '/opt/spark'; 192)
[2026-01-01T19:44:10.857+0000] {local_task_job_runner.py:234} INFO - Task exited with return code 1
[2026-01-01T19:44:10.864+0000] {taskinstance.py:3280} INFO - 0 downstream tasks scheduled from follow-on schedule check
[2026-01-01T21:25:04.079+0000] {taskinstance.py:1956} INFO - Dependencies all met for dep_context=non-requeueable deps ti=<TaskInstance: user_activity_pipeline.transform_to_silver scheduled__2025-12-23T00:00:00+00:00 [queued]>
[2026-01-01T21:25:04.081+0000] {taskinstance.py:1956} INFO - Dependencies all met for dep_context=requeueable deps ti=<TaskInstance: user_activity_pipeline.transform_to_silver scheduled__2025-12-23T00:00:00+00:00 [queued]>
[2026-01-01T21:25:04.081+0000] {taskinstance.py:2170} INFO - Starting attempt 1 of 3
[2026-01-01T21:25:04.085+0000] {taskinstance.py:2191} INFO - Executing <Task(PythonOperator): transform_to_silver> on 2025-12-23 00:00:00+00:00
[2026-01-01T21:25:04.086+0000] {standard_task_runner.py:60} INFO - Started process 383 to run task
[2026-01-01T21:25:04.088+0000] {standard_task_runner.py:87} INFO - Running: ['airflow', 'tasks', 'run', 'user_activity_pipeline', 'transform_to_silver', 'scheduled__2025-12-23T00:00:00+00:00', '--job-id', '16', '--raw', '--subdir', 'DAGS_FOLDER/user_activity_pipeline.py', '--cfg-path', '/tmp/tmpgxoy5nj1']
[2026-01-01T21:25:04.088+0000] {standard_task_runner.py:88} INFO - Job 16: Subtask transform_to_silver
[2026-01-01T21:25:04.102+0000] {task_command.py:423} INFO - Running <TaskInstance: user_activity_pipeline.transform_to_silver scheduled__2025-12-23T00:00:00+00:00 [running]> on host 07e7948992e5
[2026-01-01T21:25:04.204+0000] {taskinstance.py:2480} INFO - Exporting env vars: AIRFLOW_CTX_DAG_OWNER='airflow' AIRFLOW_CTX_DAG_ID='user_activity_pipeline' AIRFLOW_CTX_TASK_ID='transform_to_silver' AIRFLOW_CTX_EXECUTION_DATE='2025-12-23T00:00:00+00:00' AIRFLOW_CTX_TRY_NUMBER='1' AIRFLOW_CTX_DAG_RUN_ID='scheduled__2025-12-23T00:00:00+00:00'
[2026-01-01T21:25:04.206+0000] {logging_mixin.py:188} INFO - [SILVER] Stored 10 cleaned events for 2025-12-23
[2026-01-01T21:25:04.206+0000] {python.py:201} INFO - Done. Returned value was: None
[2026-01-01T21:25:04.208+0000] {taskinstance.py:1138} INFO - Marking task as SUCCESS. dag_id=user_activity_pipeline, task_id=transform_to_silver, execution_date=20251223T000000, start_date=20260101T212504, end_date=20260101T212504
[2026-01-01T21:25:04.233+0000] {local_task_job_runner.py:234} INFO - Task exited with return code 0
[2026-01-01T21:25:04.240+0000] {taskinstance.py:3280} INFO - 1 downstream tasks scheduled from follow-on schedule check
