[2025-12-26T00:56:09.636+0000] {taskinstance.py:1956} INFO - Dependencies all met for dep_context=non-requeueable deps ti=<TaskInstance: user_activity_pipeline.extract_raw_events scheduled__2025-12-25T00:00:00+00:00 [queued]>
[2025-12-26T00:56:09.638+0000] {taskinstance.py:1956} INFO - Dependencies all met for dep_context=requeueable deps ti=<TaskInstance: user_activity_pipeline.extract_raw_events scheduled__2025-12-25T00:00:00+00:00 [queued]>
[2025-12-26T00:56:09.638+0000] {taskinstance.py:2170} INFO - Starting attempt 1 of 3
[2025-12-26T00:56:09.643+0000] {taskinstance.py:2191} INFO - Executing <Task(PythonOperator): extract_raw_events> on 2025-12-25 00:00:00+00:00
[2025-12-26T00:56:09.644+0000] {standard_task_runner.py:60} INFO - Started process 1667 to run task
[2025-12-26T00:56:09.646+0000] {standard_task_runner.py:87} INFO - Running: ['airflow', 'tasks', 'run', 'user_activity_pipeline', 'extract_raw_events', 'scheduled__2025-12-25T00:00:00+00:00', '--job-id', '20', '--raw', '--subdir', 'DAGS_FOLDER/user_activity_pipeline.py', '--cfg-path', '/tmp/tmpnrmpz7jb']
[2025-12-26T00:56:09.647+0000] {standard_task_runner.py:88} INFO - Job 20: Subtask extract_raw_events
[2025-12-26T00:56:09.663+0000] {task_command.py:423} INFO - Running <TaskInstance: user_activity_pipeline.extract_raw_events scheduled__2025-12-25T00:00:00+00:00 [running]> on host 71784f2a3374
[2025-12-26T00:56:09.744+0000] {taskinstance.py:2480} INFO - Exporting env vars: AIRFLOW_CTX_DAG_OWNER='airflow' AIRFLOW_CTX_DAG_ID='user_activity_pipeline' AIRFLOW_CTX_TASK_ID='extract_raw_events' AIRFLOW_CTX_EXECUTION_DATE='2025-12-25T00:00:00+00:00' AIRFLOW_CTX_TRY_NUMBER='1' AIRFLOW_CTX_DAG_RUN_ID='scheduled__2025-12-25T00:00:00+00:00'
[2025-12-26T00:56:09.744+0000] {logging_mixin.py:188} INFO - [BRONZE] No raw data for 2025-12-25, fetching from API
[2025-12-26T00:56:09.744+0000] {logging_mixin.py:188} INFO - [EXTRACT] Fetching data (attempt 1/3)
[2025-12-26T00:56:10.129+0000] {logging_mixin.py:188} INFO - [EXTRACT] Retrieved 10 events
[2025-12-26T00:56:10.133+0000] {logging_mixin.py:188} INFO - [BRONZE] Saved 10 raw events
[2025-12-26T00:56:10.133+0000] {python.py:201} INFO - Done. Returned value was: None
[2025-12-26T00:56:10.141+0000] {taskinstance.py:1138} INFO - Marking task as SUCCESS. dag_id=user_activity_pipeline, task_id=extract_raw_events, execution_date=20251225T000000, start_date=20251226T005609, end_date=20251226T005610
[2025-12-26T00:56:10.164+0000] {local_task_job_runner.py:234} INFO - Task exited with return code 0
[2025-12-26T00:56:10.179+0000] {taskinstance.py:3280} INFO - 1 downstream tasks scheduled from follow-on schedule check
[2026-01-01T19:44:11.966+0000] {taskinstance.py:1956} INFO - Dependencies all met for dep_context=non-requeueable deps ti=<TaskInstance: user_activity_pipeline.extract_raw_events scheduled__2025-12-25T00:00:00+00:00 [queued]>
[2026-01-01T19:44:11.969+0000] {taskinstance.py:1956} INFO - Dependencies all met for dep_context=requeueable deps ti=<TaskInstance: user_activity_pipeline.extract_raw_events scheduled__2025-12-25T00:00:00+00:00 [queued]>
[2026-01-01T19:44:11.969+0000] {taskinstance.py:2170} INFO - Starting attempt 1 of 3
[2026-01-01T19:44:11.973+0000] {taskinstance.py:2191} INFO - Executing <Task(PythonOperator): extract_raw_events> on 2025-12-25 00:00:00+00:00
[2026-01-01T19:44:11.974+0000] {standard_task_runner.py:60} INFO - Started process 204 to run task
[2026-01-01T19:44:11.976+0000] {standard_task_runner.py:87} INFO - Running: ['airflow', 'tasks', 'run', 'user_activity_pipeline', 'extract_raw_events', 'scheduled__2025-12-25T00:00:00+00:00', '--job-id', '13', '--raw', '--subdir', 'DAGS_FOLDER/user_activity_pipeline.py', '--cfg-path', '/tmp/tmpg9054400']
[2026-01-01T19:44:11.976+0000] {standard_task_runner.py:88} INFO - Job 13: Subtask extract_raw_events
[2026-01-01T19:44:12.044+0000] {task_command.py:423} INFO - Running <TaskInstance: user_activity_pipeline.extract_raw_events scheduled__2025-12-25T00:00:00+00:00 [running]> on host af33cbcfb695
[2026-01-01T19:44:12.136+0000] {taskinstance.py:2480} INFO - Exporting env vars: AIRFLOW_CTX_DAG_OWNER='airflow' AIRFLOW_CTX_DAG_ID='user_activity_pipeline' AIRFLOW_CTX_TASK_ID='extract_raw_events' AIRFLOW_CTX_EXECUTION_DATE='2025-12-25T00:00:00+00:00' AIRFLOW_CTX_TRY_NUMBER='1' AIRFLOW_CTX_DAG_RUN_ID='scheduled__2025-12-25T00:00:00+00:00'
[2026-01-01T19:44:12.137+0000] {logging_mixin.py:188} INFO - [BRONZE] Using existing raw data for 2025-12-25
[2026-01-01T19:44:12.137+0000] {python.py:201} INFO - Done. Returned value was: None
[2026-01-01T19:44:12.139+0000] {taskinstance.py:1138} INFO - Marking task as SUCCESS. dag_id=user_activity_pipeline, task_id=extract_raw_events, execution_date=20251225T000000, start_date=20260101T194411, end_date=20260101T194412
[2026-01-01T19:44:12.153+0000] {local_task_job_runner.py:234} INFO - Task exited with return code 0
[2026-01-01T19:44:12.161+0000] {taskinstance.py:3280} INFO - 1 downstream tasks scheduled from follow-on schedule check
[2026-01-01T21:25:09.862+0000] {taskinstance.py:1956} INFO - Dependencies all met for dep_context=non-requeueable deps ti=<TaskInstance: user_activity_pipeline.extract_raw_events scheduled__2025-12-25T00:00:00+00:00 [queued]>
[2026-01-01T21:25:09.864+0000] {taskinstance.py:1956} INFO - Dependencies all met for dep_context=requeueable deps ti=<TaskInstance: user_activity_pipeline.extract_raw_events scheduled__2025-12-25T00:00:00+00:00 [queued]>
[2026-01-01T21:25:09.864+0000] {taskinstance.py:2170} INFO - Starting attempt 1 of 3
[2026-01-01T21:25:09.868+0000] {taskinstance.py:2191} INFO - Executing <Task(PythonOperator): extract_raw_events> on 2025-12-25 00:00:00+00:00
[2026-01-01T21:25:09.869+0000] {standard_task_runner.py:60} INFO - Started process 439 to run task
[2026-01-01T21:25:09.870+0000] {standard_task_runner.py:87} INFO - Running: ['airflow', 'tasks', 'run', 'user_activity_pipeline', 'extract_raw_events', 'scheduled__2025-12-25T00:00:00+00:00', '--job-id', '21', '--raw', '--subdir', 'DAGS_FOLDER/user_activity_pipeline.py', '--cfg-path', '/tmp/tmpnstehmcl']
[2026-01-01T21:25:09.871+0000] {standard_task_runner.py:88} INFO - Job 21: Subtask extract_raw_events
[2026-01-01T21:25:09.882+0000] {task_command.py:423} INFO - Running <TaskInstance: user_activity_pipeline.extract_raw_events scheduled__2025-12-25T00:00:00+00:00 [running]> on host 07e7948992e5
[2026-01-01T21:25:09.945+0000] {taskinstance.py:2480} INFO - Exporting env vars: AIRFLOW_CTX_DAG_OWNER='airflow' AIRFLOW_CTX_DAG_ID='user_activity_pipeline' AIRFLOW_CTX_TASK_ID='extract_raw_events' AIRFLOW_CTX_EXECUTION_DATE='2025-12-25T00:00:00+00:00' AIRFLOW_CTX_TRY_NUMBER='1' AIRFLOW_CTX_DAG_RUN_ID='scheduled__2025-12-25T00:00:00+00:00'
[2026-01-01T21:25:09.946+0000] {logging_mixin.py:188} INFO - [BRONZE] No raw data for 2025-12-25, fetching from API
[2026-01-01T21:25:09.946+0000] {logging_mixin.py:188} INFO - [EXTRACT] Fetching data (attempt 1/3)
[2026-01-01T21:25:10.122+0000] {logging_mixin.py:188} INFO - [EXTRACT] Retrieved 10 events
[2026-01-01T21:25:10.125+0000] {logging_mixin.py:188} INFO - [BRONZE] Saved 10 raw events
[2026-01-01T21:25:10.125+0000] {python.py:201} INFO - Done. Returned value was: None
[2026-01-01T21:25:10.128+0000] {taskinstance.py:1138} INFO - Marking task as SUCCESS. dag_id=user_activity_pipeline, task_id=extract_raw_events, execution_date=20251225T000000, start_date=20260101T212509, end_date=20260101T212510
[2026-01-01T21:25:10.158+0000] {local_task_job_runner.py:234} INFO - Task exited with return code 0
[2026-01-01T21:25:10.171+0000] {taskinstance.py:3280} INFO - 1 downstream tasks scheduled from follow-on schedule check
