[2025-12-23T18:17:04.732+0000] {taskinstance.py:1956} INFO - Dependencies all met for dep_context=non-requeueable deps ti=<TaskInstance: user_activity_pipeline.transform_user_activity scheduled__2025-12-20T00:00:00+00:00 [queued]>
[2025-12-23T18:17:04.734+0000] {taskinstance.py:1956} INFO - Dependencies all met for dep_context=requeueable deps ti=<TaskInstance: user_activity_pipeline.transform_user_activity scheduled__2025-12-20T00:00:00+00:00 [queued]>
[2025-12-23T18:17:04.734+0000] {taskinstance.py:2170} INFO - Starting attempt 1 of 3
[2025-12-23T18:17:04.738+0000] {taskinstance.py:2191} INFO - Executing <Task(PythonOperator): transform_user_activity> on 2025-12-20 00:00:00+00:00
[2025-12-23T18:17:04.739+0000] {standard_task_runner.py:60} INFO - Started process 91 to run task
[2025-12-23T18:17:04.741+0000] {standard_task_runner.py:87} INFO - Running: ['airflow', 'tasks', 'run', 'user_activity_pipeline', 'transform_user_activity', 'scheduled__2025-12-20T00:00:00+00:00', '--job-id', '4', '--raw', '--subdir', 'DAGS_FOLDER/user_activity_pipeline.py', '--cfg-path', '/tmp/tmp6hxt9zcv']
[2025-12-23T18:17:04.741+0000] {standard_task_runner.py:88} INFO - Job 4: Subtask transform_user_activity
[2025-12-23T18:17:04.753+0000] {task_command.py:423} INFO - Running <TaskInstance: user_activity_pipeline.transform_user_activity scheduled__2025-12-20T00:00:00+00:00 [running]> on host 984488adc495
[2025-12-23T18:17:04.814+0000] {taskinstance.py:2480} INFO - Exporting env vars: AIRFLOW_CTX_DAG_OWNER='airflow' AIRFLOW_CTX_DAG_ID='user_activity_pipeline' AIRFLOW_CTX_TASK_ID='transform_user_activity' AIRFLOW_CTX_EXECUTION_DATE='2025-12-20T00:00:00+00:00' AIRFLOW_CTX_TRY_NUMBER='1' AIRFLOW_CTX_DAG_RUN_ID='scheduled__2025-12-20T00:00:00+00:00'
[2025-12-23T18:17:04.815+0000] {logging_mixin.py:188} INFO - [METRIC] Users with first-week purchase: 3
[2025-12-23T18:17:04.815+0000] {python.py:201} INFO - Done. Returned value was: None
[2025-12-23T18:17:04.816+0000] {taskinstance.py:1138} INFO - Marking task as SUCCESS. dag_id=user_activity_pipeline, task_id=transform_user_activity, execution_date=20251220T000000, start_date=20251223T181704, end_date=20251223T181704
[2025-12-23T18:17:04.839+0000] {local_task_job_runner.py:234} INFO - Task exited with return code 0
[2025-12-23T18:17:04.845+0000] {taskinstance.py:3280} INFO - 1 downstream tasks scheduled from follow-on schedule check
[2025-12-23T21:13:13.356+0000] {taskinstance.py:1956} INFO - Dependencies all met for dep_context=non-requeueable deps ti=<TaskInstance: user_activity_pipeline.transform_user_activity scheduled__2025-12-20T00:00:00+00:00 [queued]>
[2025-12-23T21:13:13.359+0000] {taskinstance.py:1956} INFO - Dependencies all met for dep_context=requeueable deps ti=<TaskInstance: user_activity_pipeline.transform_user_activity scheduled__2025-12-20T00:00:00+00:00 [queued]>
[2025-12-23T21:13:13.359+0000] {taskinstance.py:2170} INFO - Starting attempt 1 of 3
[2025-12-23T21:13:13.364+0000] {taskinstance.py:2191} INFO - Executing <Task(PythonOperator): transform_user_activity> on 2025-12-20 00:00:00+00:00
[2025-12-23T21:13:13.366+0000] {standard_task_runner.py:60} INFO - Started process 91 to run task
[2025-12-23T21:13:13.367+0000] {standard_task_runner.py:87} INFO - Running: ['airflow', 'tasks', 'run', 'user_activity_pipeline', 'transform_user_activity', 'scheduled__2025-12-20T00:00:00+00:00', '--job-id', '4', '--raw', '--subdir', 'DAGS_FOLDER/user_activity_pipeline.py', '--cfg-path', '/tmp/tmpxkmw5ea1']
[2025-12-23T21:13:13.368+0000] {standard_task_runner.py:88} INFO - Job 4: Subtask transform_user_activity
[2025-12-23T21:13:13.381+0000] {task_command.py:423} INFO - Running <TaskInstance: user_activity_pipeline.transform_user_activity scheduled__2025-12-20T00:00:00+00:00 [running]> on host 6dbc5099e563
[2025-12-23T21:13:13.455+0000] {taskinstance.py:2480} INFO - Exporting env vars: AIRFLOW_CTX_DAG_OWNER='airflow' AIRFLOW_CTX_DAG_ID='user_activity_pipeline' AIRFLOW_CTX_TASK_ID='transform_user_activity' AIRFLOW_CTX_EXECUTION_DATE='2025-12-20T00:00:00+00:00' AIRFLOW_CTX_TRY_NUMBER='1' AIRFLOW_CTX_DAG_RUN_ID='scheduled__2025-12-20T00:00:00+00:00'
[2025-12-23T21:13:13.456+0000] {logging_mixin.py:188} INFO - [METRIC] Users with first-week purchase: 3
[2025-12-23T21:13:13.456+0000] {python.py:201} INFO - Done. Returned value was: None
[2025-12-23T21:13:13.458+0000] {taskinstance.py:1138} INFO - Marking task as SUCCESS. dag_id=user_activity_pipeline, task_id=transform_user_activity, execution_date=20251220T000000, start_date=20251223T211313, end_date=20251223T211313
[2025-12-23T21:13:13.466+0000] {local_task_job_runner.py:234} INFO - Task exited with return code 0
[2025-12-23T21:13:13.472+0000] {taskinstance.py:3280} INFO - 1 downstream tasks scheduled from follow-on schedule check
