[2025-12-23T18:17:10.342+0000] {taskinstance.py:1956} INFO - Dependencies all met for dep_context=non-requeueable deps ti=<TaskInstance: user_activity_pipeline.transform_user_activity scheduled__2025-12-22T00:00:00+00:00 [queued]>
[2025-12-23T18:17:10.344+0000] {taskinstance.py:1956} INFO - Dependencies all met for dep_context=requeueable deps ti=<TaskInstance: user_activity_pipeline.transform_user_activity scheduled__2025-12-22T00:00:00+00:00 [queued]>
[2025-12-23T18:17:10.344+0000] {taskinstance.py:2170} INFO - Starting attempt 1 of 3
[2025-12-23T18:17:10.348+0000] {taskinstance.py:2191} INFO - Executing <Task(PythonOperator): transform_user_activity> on 2025-12-22 00:00:00+00:00
[2025-12-23T18:17:10.349+0000] {standard_task_runner.py:60} INFO - Started process 146 to run task
[2025-12-23T18:17:10.351+0000] {standard_task_runner.py:87} INFO - Running: ['airflow', 'tasks', 'run', 'user_activity_pipeline', 'transform_user_activity', 'scheduled__2025-12-22T00:00:00+00:00', '--job-id', '9', '--raw', '--subdir', 'DAGS_FOLDER/user_activity_pipeline.py', '--cfg-path', '/tmp/tmp5um8mx8k']
[2025-12-23T18:17:10.351+0000] {standard_task_runner.py:88} INFO - Job 9: Subtask transform_user_activity
[2025-12-23T18:17:10.363+0000] {task_command.py:423} INFO - Running <TaskInstance: user_activity_pipeline.transform_user_activity scheduled__2025-12-22T00:00:00+00:00 [running]> on host 984488adc495
[2025-12-23T18:17:10.443+0000] {taskinstance.py:2480} INFO - Exporting env vars: AIRFLOW_CTX_DAG_OWNER='airflow' AIRFLOW_CTX_DAG_ID='user_activity_pipeline' AIRFLOW_CTX_TASK_ID='transform_user_activity' AIRFLOW_CTX_EXECUTION_DATE='2025-12-22T00:00:00+00:00' AIRFLOW_CTX_TRY_NUMBER='1' AIRFLOW_CTX_DAG_RUN_ID='scheduled__2025-12-22T00:00:00+00:00'
[2025-12-23T18:17:10.444+0000] {logging_mixin.py:188} INFO - [METRIC] Users with first-week purchase: 3
[2025-12-23T18:17:10.444+0000] {python.py:201} INFO - Done. Returned value was: None
[2025-12-23T18:17:10.445+0000] {taskinstance.py:1138} INFO - Marking task as SUCCESS. dag_id=user_activity_pipeline, task_id=transform_user_activity, execution_date=20251222T000000, start_date=20251223T181710, end_date=20251223T181710
[2025-12-23T18:17:10.454+0000] {local_task_job_runner.py:234} INFO - Task exited with return code 0
[2025-12-23T18:17:10.460+0000] {taskinstance.py:3280} INFO - 1 downstream tasks scheduled from follow-on schedule check
[2025-12-23T21:13:19.616+0000] {taskinstance.py:1956} INFO - Dependencies all met for dep_context=non-requeueable deps ti=<TaskInstance: user_activity_pipeline.transform_user_activity scheduled__2025-12-22T00:00:00+00:00 [queued]>
[2025-12-23T21:13:19.618+0000] {taskinstance.py:1956} INFO - Dependencies all met for dep_context=requeueable deps ti=<TaskInstance: user_activity_pipeline.transform_user_activity scheduled__2025-12-22T00:00:00+00:00 [queued]>
[2025-12-23T21:13:19.619+0000] {taskinstance.py:2170} INFO - Starting attempt 1 of 3
[2025-12-23T21:13:19.623+0000] {taskinstance.py:2191} INFO - Executing <Task(PythonOperator): transform_user_activity> on 2025-12-22 00:00:00+00:00
[2025-12-23T21:13:19.624+0000] {standard_task_runner.py:60} INFO - Started process 146 to run task
[2025-12-23T21:13:19.626+0000] {standard_task_runner.py:87} INFO - Running: ['airflow', 'tasks', 'run', 'user_activity_pipeline', 'transform_user_activity', 'scheduled__2025-12-22T00:00:00+00:00', '--job-id', '9', '--raw', '--subdir', 'DAGS_FOLDER/user_activity_pipeline.py', '--cfg-path', '/tmp/tmpaxpkttcu']
[2025-12-23T21:13:19.626+0000] {standard_task_runner.py:88} INFO - Job 9: Subtask transform_user_activity
[2025-12-23T21:13:19.639+0000] {task_command.py:423} INFO - Running <TaskInstance: user_activity_pipeline.transform_user_activity scheduled__2025-12-22T00:00:00+00:00 [running]> on host 6dbc5099e563
[2025-12-23T21:13:19.710+0000] {taskinstance.py:2480} INFO - Exporting env vars: AIRFLOW_CTX_DAG_OWNER='airflow' AIRFLOW_CTX_DAG_ID='user_activity_pipeline' AIRFLOW_CTX_TASK_ID='transform_user_activity' AIRFLOW_CTX_EXECUTION_DATE='2025-12-22T00:00:00+00:00' AIRFLOW_CTX_TRY_NUMBER='1' AIRFLOW_CTX_DAG_RUN_ID='scheduled__2025-12-22T00:00:00+00:00'
[2025-12-23T21:13:19.710+0000] {logging_mixin.py:188} INFO - [METRIC] Users with first-week purchase: 3
[2025-12-23T21:13:19.711+0000] {python.py:201} INFO - Done. Returned value was: None
[2025-12-23T21:13:19.712+0000] {taskinstance.py:1138} INFO - Marking task as SUCCESS. dag_id=user_activity_pipeline, task_id=transform_user_activity, execution_date=20251222T000000, start_date=20251223T211319, end_date=20251223T211319
[2025-12-23T21:13:19.723+0000] {local_task_job_runner.py:234} INFO - Task exited with return code 0
[2025-12-23T21:13:19.729+0000] {taskinstance.py:3280} INFO - 1 downstream tasks scheduled from follow-on schedule check
