[2025-12-23T22:35:08.310+0000] {taskinstance.py:1956} INFO - Dependencies all met for dep_context=non-requeueable deps ti=<TaskInstance: user_activity_pipeline.transform_to_silver scheduled__2025-12-20T00:00:00+00:00 [queued]>
[2025-12-23T22:35:08.312+0000] {taskinstance.py:1956} INFO - Dependencies all met for dep_context=requeueable deps ti=<TaskInstance: user_activity_pipeline.transform_to_silver scheduled__2025-12-20T00:00:00+00:00 [queued]>
[2025-12-23T22:35:08.312+0000] {taskinstance.py:2170} INFO - Starting attempt 1 of 3
[2025-12-23T22:35:08.318+0000] {taskinstance.py:2191} INFO - Executing <Task(PythonOperator): transform_to_silver> on 2025-12-20 00:00:00+00:00
[2025-12-23T22:35:08.319+0000] {standard_task_runner.py:60} INFO - Started process 102 to run task
[2025-12-23T22:35:08.320+0000] {standard_task_runner.py:87} INFO - Running: ['airflow', 'tasks', 'run', 'user_activity_pipeline', 'transform_to_silver', 'scheduled__2025-12-20T00:00:00+00:00', '--job-id', '5', '--raw', '--subdir', 'DAGS_FOLDER/user_activity_pipeline.py', '--cfg-path', '/tmp/tmp5ao3qkxu']
[2025-12-23T22:35:08.321+0000] {standard_task_runner.py:88} INFO - Job 5: Subtask transform_to_silver
[2025-12-23T22:35:08.333+0000] {task_command.py:423} INFO - Running <TaskInstance: user_activity_pipeline.transform_to_silver scheduled__2025-12-20T00:00:00+00:00 [running]> on host ee92ca13fa7e
[2025-12-23T22:35:08.403+0000] {taskinstance.py:2480} INFO - Exporting env vars: AIRFLOW_CTX_DAG_OWNER='airflow' AIRFLOW_CTX_DAG_ID='user_activity_pipeline' AIRFLOW_CTX_TASK_ID='transform_to_silver' AIRFLOW_CTX_EXECUTION_DATE='2025-12-20T00:00:00+00:00' AIRFLOW_CTX_TRY_NUMBER='1' AIRFLOW_CTX_DAG_RUN_ID='scheduled__2025-12-20T00:00:00+00:00'
[2025-12-23T22:35:08.405+0000] {logging_mixin.py:188} INFO - [SILVER] Stored 10 cleaned events for 2025-12-20
[2025-12-23T22:35:08.405+0000] {python.py:201} INFO - Done. Returned value was: None
[2025-12-23T22:35:08.407+0000] {taskinstance.py:1138} INFO - Marking task as SUCCESS. dag_id=user_activity_pipeline, task_id=transform_to_silver, execution_date=20251220T000000, start_date=20251223T223508, end_date=20251223T223508
[2025-12-23T22:35:08.420+0000] {local_task_job_runner.py:234} INFO - Task exited with return code 0
[2025-12-23T22:35:08.427+0000] {taskinstance.py:3280} INFO - 1 downstream tasks scheduled from follow-on schedule check
[2025-12-23T22:42:34.161+0000] {taskinstance.py:1956} INFO - Dependencies all met for dep_context=non-requeueable deps ti=<TaskInstance: user_activity_pipeline.transform_to_silver scheduled__2025-12-20T00:00:00+00:00 [queued]>
[2025-12-23T22:42:34.163+0000] {taskinstance.py:1956} INFO - Dependencies all met for dep_context=requeueable deps ti=<TaskInstance: user_activity_pipeline.transform_to_silver scheduled__2025-12-20T00:00:00+00:00 [queued]>
[2025-12-23T22:42:34.164+0000] {taskinstance.py:2170} INFO - Starting attempt 1 of 3
[2025-12-23T22:42:34.169+0000] {taskinstance.py:2191} INFO - Executing <Task(PythonOperator): transform_to_silver> on 2025-12-20 00:00:00+00:00
[2025-12-23T22:42:34.171+0000] {standard_task_runner.py:60} INFO - Started process 103 to run task
[2025-12-23T22:42:34.173+0000] {standard_task_runner.py:87} INFO - Running: ['airflow', 'tasks', 'run', 'user_activity_pipeline', 'transform_to_silver', 'scheduled__2025-12-20T00:00:00+00:00', '--job-id', '5', '--raw', '--subdir', 'DAGS_FOLDER/user_activity_pipeline.py', '--cfg-path', '/tmp/tmpad10v2we']
[2025-12-23T22:42:34.173+0000] {standard_task_runner.py:88} INFO - Job 5: Subtask transform_to_silver
[2025-12-23T22:42:34.190+0000] {task_command.py:423} INFO - Running <TaskInstance: user_activity_pipeline.transform_to_silver scheduled__2025-12-20T00:00:00+00:00 [running]> on host f6a8b915ead1
[2025-12-23T22:42:34.273+0000] {taskinstance.py:2480} INFO - Exporting env vars: AIRFLOW_CTX_DAG_OWNER='airflow' AIRFLOW_CTX_DAG_ID='user_activity_pipeline' AIRFLOW_CTX_TASK_ID='transform_to_silver' AIRFLOW_CTX_EXECUTION_DATE='2025-12-20T00:00:00+00:00' AIRFLOW_CTX_TRY_NUMBER='1' AIRFLOW_CTX_DAG_RUN_ID='scheduled__2025-12-20T00:00:00+00:00'
[2025-12-23T22:42:34.274+0000] {logging_mixin.py:188} INFO - [SILVER] Stored 10 cleaned events for 2025-12-20
[2025-12-23T22:42:34.274+0000] {python.py:201} INFO - Done. Returned value was: None
[2025-12-23T22:42:34.275+0000] {taskinstance.py:1138} INFO - Marking task as SUCCESS. dag_id=user_activity_pipeline, task_id=transform_to_silver, execution_date=20251220T000000, start_date=20251223T224234, end_date=20251223T224234
[2025-12-23T22:42:34.321+0000] {local_task_job_runner.py:234} INFO - Task exited with return code 0
[2025-12-23T22:42:34.331+0000] {taskinstance.py:3280} INFO - 1 downstream tasks scheduled from follow-on schedule check
[2025-12-23T22:45:42.343+0000] {taskinstance.py:1956} INFO - Dependencies all met for dep_context=non-requeueable deps ti=<TaskInstance: user_activity_pipeline.transform_to_silver scheduled__2025-12-20T00:00:00+00:00 [queued]>
[2025-12-23T22:45:42.346+0000] {taskinstance.py:1956} INFO - Dependencies all met for dep_context=requeueable deps ti=<TaskInstance: user_activity_pipeline.transform_to_silver scheduled__2025-12-20T00:00:00+00:00 [queued]>
[2025-12-23T22:45:42.346+0000] {taskinstance.py:2170} INFO - Starting attempt 1 of 3
[2025-12-23T22:45:42.352+0000] {taskinstance.py:2191} INFO - Executing <Task(PythonOperator): transform_to_silver> on 2025-12-20 00:00:00+00:00
[2025-12-23T22:45:42.354+0000] {standard_task_runner.py:60} INFO - Started process 102 to run task
[2025-12-23T22:45:42.357+0000] {standard_task_runner.py:87} INFO - Running: ['airflow', 'tasks', 'run', 'user_activity_pipeline', 'transform_to_silver', 'scheduled__2025-12-20T00:00:00+00:00', '--job-id', '5', '--raw', '--subdir', 'DAGS_FOLDER/user_activity_pipeline.py', '--cfg-path', '/tmp/tmpifaus45c']
[2025-12-23T22:45:42.357+0000] {standard_task_runner.py:88} INFO - Job 5: Subtask transform_to_silver
[2025-12-23T22:45:42.374+0000] {task_command.py:423} INFO - Running <TaskInstance: user_activity_pipeline.transform_to_silver scheduled__2025-12-20T00:00:00+00:00 [running]> on host 71784f2a3374
[2025-12-23T22:45:42.462+0000] {taskinstance.py:2480} INFO - Exporting env vars: AIRFLOW_CTX_DAG_OWNER='airflow' AIRFLOW_CTX_DAG_ID='user_activity_pipeline' AIRFLOW_CTX_TASK_ID='transform_to_silver' AIRFLOW_CTX_EXECUTION_DATE='2025-12-20T00:00:00+00:00' AIRFLOW_CTX_TRY_NUMBER='1' AIRFLOW_CTX_DAG_RUN_ID='scheduled__2025-12-20T00:00:00+00:00'
[2025-12-23T22:45:42.463+0000] {logging_mixin.py:188} INFO - [SILVER] Stored 10 cleaned events for 2025-12-20
[2025-12-23T22:45:42.463+0000] {python.py:201} INFO - Done. Returned value was: None
[2025-12-23T22:45:42.465+0000] {taskinstance.py:1138} INFO - Marking task as SUCCESS. dag_id=user_activity_pipeline, task_id=transform_to_silver, execution_date=20251220T000000, start_date=20251223T224542, end_date=20251223T224542
[2025-12-23T22:45:42.496+0000] {local_task_job_runner.py:234} INFO - Task exited with return code 0
[2025-12-23T22:45:42.504+0000] {taskinstance.py:3280} INFO - 1 downstream tasks scheduled from follow-on schedule check
