[2025-12-23T22:35:12.821+0000] {taskinstance.py:1956} INFO - Dependencies all met for dep_context=non-requeueable deps ti=<TaskInstance: user_activity_pipeline.load_to_warehouse scheduled__2025-12-20T00:00:00+00:00 [queued]>
[2025-12-23T22:35:12.824+0000] {taskinstance.py:1956} INFO - Dependencies all met for dep_context=requeueable deps ti=<TaskInstance: user_activity_pipeline.load_to_warehouse scheduled__2025-12-20T00:00:00+00:00 [queued]>
[2025-12-23T22:35:12.824+0000] {taskinstance.py:2170} INFO - Starting attempt 1 of 3
[2025-12-23T22:35:12.828+0000] {taskinstance.py:2191} INFO - Executing <Task(PythonOperator): load_to_warehouse> on 2025-12-20 00:00:00+00:00
[2025-12-23T22:35:12.830+0000] {standard_task_runner.py:60} INFO - Started process 146 to run task
[2025-12-23T22:35:12.831+0000] {standard_task_runner.py:87} INFO - Running: ['airflow', 'tasks', 'run', 'user_activity_pipeline', 'load_to_warehouse', 'scheduled__2025-12-20T00:00:00+00:00', '--job-id', '9', '--raw', '--subdir', 'DAGS_FOLDER/user_activity_pipeline.py', '--cfg-path', '/tmp/tmp86xljvjf']
[2025-12-23T22:35:12.832+0000] {standard_task_runner.py:88} INFO - Job 9: Subtask load_to_warehouse
[2025-12-23T22:35:12.845+0000] {task_command.py:423} INFO - Running <TaskInstance: user_activity_pipeline.load_to_warehouse scheduled__2025-12-20T00:00:00+00:00 [running]> on host ee92ca13fa7e
[2025-12-23T22:35:12.915+0000] {taskinstance.py:2480} INFO - Exporting env vars: AIRFLOW_CTX_DAG_OWNER='airflow' AIRFLOW_CTX_DAG_ID='user_activity_pipeline' AIRFLOW_CTX_TASK_ID='load_to_warehouse' AIRFLOW_CTX_EXECUTION_DATE='2025-12-20T00:00:00+00:00' AIRFLOW_CTX_TRY_NUMBER='1' AIRFLOW_CTX_DAG_RUN_ID='scheduled__2025-12-20T00:00:00+00:00'
[2025-12-23T22:35:12.915+0000] {taskinstance.py:2698} ERROR - Task failed with exception
Traceback (most recent call last):
  File "/home/airflow/.local/lib/python3.9/site-packages/airflow/models/taskinstance.py", line 433, in _execute_task
    result = execute_callable(context=context, **execute_callable_kwargs)
  File "/home/airflow/.local/lib/python3.9/site-packages/airflow/operators/python.py", line 199, in execute
    return_value = self.execute_callable()
  File "/home/airflow/.local/lib/python3.9/site-packages/airflow/operators/python.py", line 216, in execute_callable
    return self.python_callable(*self.op_args, **self.op_kwargs)
  File "/opt/airflow/dags/user_activity_pipeline.py", line 33, in load_task
    load(execution_date)
  File "/opt/airflow/project/etl.py", line 48, in load
    save_user_activity_daily(
TypeError: 'module' object is not callable
[2025-12-23T22:35:12.917+0000] {taskinstance.py:1138} INFO - Marking task as UP_FOR_RETRY. dag_id=user_activity_pipeline, task_id=load_to_warehouse, execution_date=20251220T000000, start_date=20251223T223512, end_date=20251223T223512
[2025-12-23T22:35:12.920+0000] {standard_task_runner.py:107} ERROR - Failed to execute job 9 for task load_to_warehouse ('module' object is not callable; 146)
[2025-12-23T22:35:12.928+0000] {local_task_job_runner.py:234} INFO - Task exited with return code 1
[2025-12-23T22:35:12.932+0000] {taskinstance.py:3280} INFO - 0 downstream tasks scheduled from follow-on schedule check
[2025-12-23T22:42:38.833+0000] {taskinstance.py:1956} INFO - Dependencies all met for dep_context=non-requeueable deps ti=<TaskInstance: user_activity_pipeline.load_to_warehouse scheduled__2025-12-20T00:00:00+00:00 [queued]>
[2025-12-23T22:42:38.836+0000] {taskinstance.py:1956} INFO - Dependencies all met for dep_context=requeueable deps ti=<TaskInstance: user_activity_pipeline.load_to_warehouse scheduled__2025-12-20T00:00:00+00:00 [queued]>
[2025-12-23T22:42:38.836+0000] {taskinstance.py:2170} INFO - Starting attempt 1 of 3
[2025-12-23T22:42:38.840+0000] {taskinstance.py:2191} INFO - Executing <Task(PythonOperator): load_to_warehouse> on 2025-12-20 00:00:00+00:00
[2025-12-23T22:42:38.842+0000] {standard_task_runner.py:60} INFO - Started process 147 to run task
[2025-12-23T22:42:38.844+0000] {standard_task_runner.py:87} INFO - Running: ['airflow', 'tasks', 'run', 'user_activity_pipeline', 'load_to_warehouse', 'scheduled__2025-12-20T00:00:00+00:00', '--job-id', '9', '--raw', '--subdir', 'DAGS_FOLDER/user_activity_pipeline.py', '--cfg-path', '/tmp/tmpbwxj0ilm']
[2025-12-23T22:42:38.845+0000] {standard_task_runner.py:88} INFO - Job 9: Subtask load_to_warehouse
[2025-12-23T22:42:38.859+0000] {task_command.py:423} INFO - Running <TaskInstance: user_activity_pipeline.load_to_warehouse scheduled__2025-12-20T00:00:00+00:00 [running]> on host f6a8b915ead1
[2025-12-23T22:42:39.084+0000] {taskinstance.py:2480} INFO - Exporting env vars: AIRFLOW_CTX_DAG_OWNER='airflow' AIRFLOW_CTX_DAG_ID='user_activity_pipeline' AIRFLOW_CTX_TASK_ID='load_to_warehouse' AIRFLOW_CTX_EXECUTION_DATE='2025-12-20T00:00:00+00:00' AIRFLOW_CTX_TRY_NUMBER='1' AIRFLOW_CTX_DAG_RUN_ID='scheduled__2025-12-20T00:00:00+00:00'
[2025-12-23T22:42:39.085+0000] {taskinstance.py:2698} ERROR - Task failed with exception
Traceback (most recent call last):
  File "/home/airflow/.local/lib/python3.9/site-packages/airflow/models/taskinstance.py", line 433, in _execute_task
    result = execute_callable(context=context, **execute_callable_kwargs)
  File "/home/airflow/.local/lib/python3.9/site-packages/airflow/operators/python.py", line 199, in execute
    return_value = self.execute_callable()
  File "/home/airflow/.local/lib/python3.9/site-packages/airflow/operators/python.py", line 216, in execute_callable
    return self.python_callable(*self.op_args, **self.op_kwargs)
  File "/opt/airflow/dags/user_activity_pipeline.py", line 33, in load_task
    load(execution_date)
  File "/opt/airflow/project/etl.py", line 48, in load
    save_user_activity_daily(
TypeError: 'module' object is not callable
[2025-12-23T22:42:39.087+0000] {taskinstance.py:1138} INFO - Marking task as UP_FOR_RETRY. dag_id=user_activity_pipeline, task_id=load_to_warehouse, execution_date=20251220T000000, start_date=20251223T224238, end_date=20251223T224239
[2025-12-23T22:42:39.090+0000] {standard_task_runner.py:107} ERROR - Failed to execute job 9 for task load_to_warehouse ('module' object is not callable; 147)
[2025-12-23T22:42:39.110+0000] {local_task_job_runner.py:234} INFO - Task exited with return code 1
[2025-12-23T22:42:39.117+0000] {taskinstance.py:3280} INFO - 0 downstream tasks scheduled from follow-on schedule check
[2025-12-23T22:45:47.495+0000] {taskinstance.py:1956} INFO - Dependencies all met for dep_context=non-requeueable deps ti=<TaskInstance: user_activity_pipeline.load_to_warehouse scheduled__2025-12-20T00:00:00+00:00 [queued]>
[2025-12-23T22:45:47.498+0000] {taskinstance.py:1956} INFO - Dependencies all met for dep_context=requeueable deps ti=<TaskInstance: user_activity_pipeline.load_to_warehouse scheduled__2025-12-20T00:00:00+00:00 [queued]>
[2025-12-23T22:45:47.498+0000] {taskinstance.py:2170} INFO - Starting attempt 1 of 3
[2025-12-23T22:45:47.502+0000] {taskinstance.py:2191} INFO - Executing <Task(PythonOperator): load_to_warehouse> on 2025-12-20 00:00:00+00:00
[2025-12-23T22:45:47.504+0000] {standard_task_runner.py:60} INFO - Started process 146 to run task
[2025-12-23T22:45:47.507+0000] {standard_task_runner.py:87} INFO - Running: ['airflow', 'tasks', 'run', 'user_activity_pipeline', 'load_to_warehouse', 'scheduled__2025-12-20T00:00:00+00:00', '--job-id', '9', '--raw', '--subdir', 'DAGS_FOLDER/user_activity_pipeline.py', '--cfg-path', '/tmp/tmp3qpw2bws']
[2025-12-23T22:45:47.508+0000] {standard_task_runner.py:88} INFO - Job 9: Subtask load_to_warehouse
[2025-12-23T22:45:47.523+0000] {task_command.py:423} INFO - Running <TaskInstance: user_activity_pipeline.load_to_warehouse scheduled__2025-12-20T00:00:00+00:00 [running]> on host 71784f2a3374
[2025-12-23T22:45:47.592+0000] {taskinstance.py:2480} INFO - Exporting env vars: AIRFLOW_CTX_DAG_OWNER='airflow' AIRFLOW_CTX_DAG_ID='user_activity_pipeline' AIRFLOW_CTX_TASK_ID='load_to_warehouse' AIRFLOW_CTX_EXECUTION_DATE='2025-12-20T00:00:00+00:00' AIRFLOW_CTX_TRY_NUMBER='1' AIRFLOW_CTX_DAG_RUN_ID='scheduled__2025-12-20T00:00:00+00:00'
[2025-12-23T22:45:47.601+0000] {logging_mixin.py:188} INFO - [GOLD] Loaded 3 user metrics for 2025-12-20
[2025-12-23T22:45:47.602+0000] {python.py:201} INFO - Done. Returned value was: None
[2025-12-23T22:45:47.604+0000] {taskinstance.py:1138} INFO - Marking task as SUCCESS. dag_id=user_activity_pipeline, task_id=load_to_warehouse, execution_date=20251220T000000, start_date=20251223T224547, end_date=20251223T224547
[2025-12-23T22:45:47.648+0000] {local_task_job_runner.py:234} INFO - Task exited with return code 0
[2025-12-23T22:45:47.653+0000] {taskinstance.py:3280} INFO - 0 downstream tasks scheduled from follow-on schedule check
[2026-01-01T21:24:55.796+0000] {taskinstance.py:1956} INFO - Dependencies all met for dep_context=non-requeueable deps ti=<TaskInstance: user_activity_pipeline.load_to_warehouse scheduled__2025-12-20T00:00:00+00:00 [queued]>
[2026-01-01T21:24:55.801+0000] {taskinstance.py:1956} INFO - Dependencies all met for dep_context=requeueable deps ti=<TaskInstance: user_activity_pipeline.load_to_warehouse scheduled__2025-12-20T00:00:00+00:00 [queued]>
[2026-01-01T21:24:55.801+0000] {taskinstance.py:2170} INFO - Starting attempt 1 of 3
[2026-01-01T21:24:55.809+0000] {taskinstance.py:2191} INFO - Executing <Task(PythonOperator): load_to_warehouse> on 2025-12-20 00:00:00+00:00
[2026-01-01T21:24:55.810+0000] {standard_task_runner.py:60} INFO - Started process 306 to run task
[2026-01-01T21:24:55.812+0000] {standard_task_runner.py:87} INFO - Running: ['airflow', 'tasks', 'run', 'user_activity_pipeline', 'load_to_warehouse', 'scheduled__2025-12-20T00:00:00+00:00', '--job-id', '9', '--raw', '--subdir', 'DAGS_FOLDER/user_activity_pipeline.py', '--cfg-path', '/tmp/tmplog2pcc8']
[2026-01-01T21:24:55.813+0000] {standard_task_runner.py:88} INFO - Job 9: Subtask load_to_warehouse
[2026-01-01T21:24:55.827+0000] {task_command.py:423} INFO - Running <TaskInstance: user_activity_pipeline.load_to_warehouse scheduled__2025-12-20T00:00:00+00:00 [running]> on host 07e7948992e5
[2026-01-01T21:24:55.916+0000] {taskinstance.py:2480} INFO - Exporting env vars: AIRFLOW_CTX_DAG_OWNER='airflow' AIRFLOW_CTX_DAG_ID='user_activity_pipeline' AIRFLOW_CTX_TASK_ID='load_to_warehouse' AIRFLOW_CTX_EXECUTION_DATE='2025-12-20T00:00:00+00:00' AIRFLOW_CTX_TRY_NUMBER='1' AIRFLOW_CTX_DAG_RUN_ID='scheduled__2025-12-20T00:00:00+00:00'
[2026-01-01T21:24:55.925+0000] {logging_mixin.py:188} INFO - [GOLD] Loaded 3 user metrics for 2025-12-20
[2026-01-01T21:24:55.925+0000] {python.py:201} INFO - Done. Returned value was: None
[2026-01-01T21:24:55.927+0000] {taskinstance.py:1138} INFO - Marking task as SUCCESS. dag_id=user_activity_pipeline, task_id=load_to_warehouse, execution_date=20251220T000000, start_date=20260101T212455, end_date=20260101T212455
[2026-01-01T21:24:55.959+0000] {local_task_job_runner.py:234} INFO - Task exited with return code 0
[2026-01-01T21:24:55.969+0000] {taskinstance.py:3280} INFO - 1 downstream tasks scheduled from follow-on schedule check
