[2025-12-24T00:00:02.334+0000] {taskinstance.py:1956} INFO - Dependencies all met for dep_context=non-requeueable deps ti=<TaskInstance: user_activity_pipeline.extract_raw_events scheduled__2025-12-23T00:00:00+00:00 [queued]>
[2025-12-24T00:00:02.336+0000] {taskinstance.py:1956} INFO - Dependencies all met for dep_context=requeueable deps ti=<TaskInstance: user_activity_pipeline.extract_raw_events scheduled__2025-12-23T00:00:00+00:00 [queued]>
[2025-12-24T00:00:02.336+0000] {taskinstance.py:2170} INFO - Starting attempt 1 of 3
[2025-12-24T00:00:02.340+0000] {taskinstance.py:2191} INFO - Executing <Task(PythonOperator): extract_raw_events> on 2025-12-23 00:00:00+00:00
[2025-12-24T00:00:02.342+0000] {standard_task_runner.py:60} INFO - Started process 349 to run task
[2025-12-24T00:00:02.344+0000] {standard_task_runner.py:87} INFO - Running: ['airflow', 'tasks', 'run', 'user_activity_pipeline', 'extract_raw_events', 'scheduled__2025-12-23T00:00:00+00:00', '--job-id', '14', '--raw', '--subdir', 'DAGS_FOLDER/user_activity_pipeline.py', '--cfg-path', '/tmp/tmpmbms5gqu']
[2025-12-24T00:00:02.344+0000] {standard_task_runner.py:88} INFO - Job 14: Subtask extract_raw_events
[2025-12-24T00:00:02.358+0000] {task_command.py:423} INFO - Running <TaskInstance: user_activity_pipeline.extract_raw_events scheduled__2025-12-23T00:00:00+00:00 [running]> on host 71784f2a3374
[2025-12-24T00:00:02.443+0000] {taskinstance.py:2480} INFO - Exporting env vars: AIRFLOW_CTX_DAG_OWNER='airflow' AIRFLOW_CTX_DAG_ID='user_activity_pipeline' AIRFLOW_CTX_TASK_ID='extract_raw_events' AIRFLOW_CTX_EXECUTION_DATE='2025-12-23T00:00:00+00:00' AIRFLOW_CTX_TRY_NUMBER='1' AIRFLOW_CTX_DAG_RUN_ID='scheduled__2025-12-23T00:00:00+00:00'
[2025-12-24T00:00:02.444+0000] {logging_mixin.py:188} INFO - [BRONZE] Using existing raw data for 2025-12-23
[2025-12-24T00:00:02.444+0000] {python.py:201} INFO - Done. Returned value was: None
[2025-12-24T00:00:02.446+0000] {taskinstance.py:1138} INFO - Marking task as SUCCESS. dag_id=user_activity_pipeline, task_id=extract_raw_events, execution_date=20251223T000000, start_date=20251224T000002, end_date=20251224T000002
[2025-12-24T00:00:02.486+0000] {local_task_job_runner.py:234} INFO - Task exited with return code 0
[2025-12-24T00:00:02.494+0000] {taskinstance.py:3280} INFO - 1 downstream tasks scheduled from follow-on schedule check
[2026-01-01T19:44:07.283+0000] {taskinstance.py:1956} INFO - Dependencies all met for dep_context=non-requeueable deps ti=<TaskInstance: user_activity_pipeline.extract_raw_events scheduled__2025-12-23T00:00:00+00:00 [queued]>
[2026-01-01T19:44:07.285+0000] {taskinstance.py:1956} INFO - Dependencies all met for dep_context=requeueable deps ti=<TaskInstance: user_activity_pipeline.extract_raw_events scheduled__2025-12-23T00:00:00+00:00 [queued]>
[2026-01-01T19:44:07.285+0000] {taskinstance.py:2170} INFO - Starting attempt 1 of 3
[2026-01-01T19:44:07.289+0000] {taskinstance.py:2191} INFO - Executing <Task(PythonOperator): extract_raw_events> on 2025-12-23 00:00:00+00:00
[2026-01-01T19:44:07.290+0000] {standard_task_runner.py:60} INFO - Started process 159 to run task
[2026-01-01T19:44:07.292+0000] {standard_task_runner.py:87} INFO - Running: ['airflow', 'tasks', 'run', 'user_activity_pipeline', 'extract_raw_events', 'scheduled__2025-12-23T00:00:00+00:00', '--job-id', '9', '--raw', '--subdir', 'DAGS_FOLDER/user_activity_pipeline.py', '--cfg-path', '/tmp/tmpg7cdi9hj']
[2026-01-01T19:44:07.292+0000] {standard_task_runner.py:88} INFO - Job 9: Subtask extract_raw_events
[2026-01-01T19:44:07.307+0000] {task_command.py:423} INFO - Running <TaskInstance: user_activity_pipeline.extract_raw_events scheduled__2025-12-23T00:00:00+00:00 [running]> on host af33cbcfb695
[2026-01-01T19:44:07.386+0000] {taskinstance.py:2480} INFO - Exporting env vars: AIRFLOW_CTX_DAG_OWNER='airflow' AIRFLOW_CTX_DAG_ID='user_activity_pipeline' AIRFLOW_CTX_TASK_ID='extract_raw_events' AIRFLOW_CTX_EXECUTION_DATE='2025-12-23T00:00:00+00:00' AIRFLOW_CTX_TRY_NUMBER='1' AIRFLOW_CTX_DAG_RUN_ID='scheduled__2025-12-23T00:00:00+00:00'
[2026-01-01T19:44:07.387+0000] {logging_mixin.py:188} INFO - [BRONZE] Using existing raw data for 2025-12-23
[2026-01-01T19:44:07.387+0000] {python.py:201} INFO - Done. Returned value was: None
[2026-01-01T19:44:07.389+0000] {taskinstance.py:1138} INFO - Marking task as SUCCESS. dag_id=user_activity_pipeline, task_id=extract_raw_events, execution_date=20251223T000000, start_date=20260101T194407, end_date=20260101T194407
[2026-01-01T19:44:07.435+0000] {local_task_job_runner.py:234} INFO - Task exited with return code 0
[2026-01-01T19:44:07.444+0000] {taskinstance.py:3280} INFO - 1 downstream tasks scheduled from follow-on schedule check
[2026-01-01T21:24:57.005+0000] {taskinstance.py:1956} INFO - Dependencies all met for dep_context=non-requeueable deps ti=<TaskInstance: user_activity_pipeline.extract_raw_events scheduled__2025-12-23T00:00:00+00:00 [queued]>
[2026-01-01T21:24:57.006+0000] {taskinstance.py:1956} INFO - Dependencies all met for dep_context=requeueable deps ti=<TaskInstance: user_activity_pipeline.extract_raw_events scheduled__2025-12-23T00:00:00+00:00 [queued]>
[2026-01-01T21:24:57.007+0000] {taskinstance.py:2170} INFO - Starting attempt 1 of 3
[2026-01-01T21:24:57.011+0000] {taskinstance.py:2191} INFO - Executing <Task(PythonOperator): extract_raw_events> on 2025-12-23 00:00:00+00:00
[2026-01-01T21:24:57.012+0000] {standard_task_runner.py:60} INFO - Started process 317 to run task
[2026-01-01T21:24:57.014+0000] {standard_task_runner.py:87} INFO - Running: ['airflow', 'tasks', 'run', 'user_activity_pipeline', 'extract_raw_events', 'scheduled__2025-12-23T00:00:00+00:00', '--job-id', '10', '--raw', '--subdir', 'DAGS_FOLDER/user_activity_pipeline.py', '--cfg-path', '/tmp/tmpwdosmq0f']
[2026-01-01T21:24:57.014+0000] {standard_task_runner.py:88} INFO - Job 10: Subtask extract_raw_events
[2026-01-01T21:24:57.029+0000] {task_command.py:423} INFO - Running <TaskInstance: user_activity_pipeline.extract_raw_events scheduled__2025-12-23T00:00:00+00:00 [running]> on host 07e7948992e5
[2026-01-01T21:24:57.134+0000] {taskinstance.py:2480} INFO - Exporting env vars: AIRFLOW_CTX_DAG_OWNER='airflow' AIRFLOW_CTX_DAG_ID='user_activity_pipeline' AIRFLOW_CTX_TASK_ID='extract_raw_events' AIRFLOW_CTX_EXECUTION_DATE='2025-12-23T00:00:00+00:00' AIRFLOW_CTX_TRY_NUMBER='1' AIRFLOW_CTX_DAG_RUN_ID='scheduled__2025-12-23T00:00:00+00:00'
[2026-01-01T21:24:57.134+0000] {logging_mixin.py:188} INFO - [BRONZE] No raw data for 2025-12-23, fetching from API
[2026-01-01T21:24:57.134+0000] {logging_mixin.py:188} INFO - [EXTRACT] Fetching data (attempt 1/3)
[2026-01-01T21:24:57.300+0000] {logging_mixin.py:188} INFO - [EXTRACT] Retrieved 10 events
[2026-01-01T21:24:57.303+0000] {logging_mixin.py:188} INFO - [BRONZE] Saved 10 raw events
[2026-01-01T21:24:57.303+0000] {python.py:201} INFO - Done. Returned value was: None
[2026-01-01T21:24:57.306+0000] {taskinstance.py:1138} INFO - Marking task as SUCCESS. dag_id=user_activity_pipeline, task_id=extract_raw_events, execution_date=20251223T000000, start_date=20260101T212457, end_date=20260101T212457
[2026-01-01T21:24:57.335+0000] {local_task_job_runner.py:234} INFO - Task exited with return code 0
[2026-01-01T21:24:57.351+0000] {taskinstance.py:3280} INFO - 1 downstream tasks scheduled from follow-on schedule check
