[2025-12-23T18:17:08.024+0000] {taskinstance.py:1956} INFO - Dependencies all met for dep_context=non-requeueable deps ti=<TaskInstance: user_activity_pipeline.transform_user_activity scheduled__2025-12-21T00:00:00+00:00 [queued]>
[2025-12-23T18:17:08.027+0000] {taskinstance.py:1956} INFO - Dependencies all met for dep_context=requeueable deps ti=<TaskInstance: user_activity_pipeline.transform_user_activity scheduled__2025-12-21T00:00:00+00:00 [queued]>
[2025-12-23T18:17:08.027+0000] {taskinstance.py:2170} INFO - Starting attempt 1 of 3
[2025-12-23T18:17:08.032+0000] {taskinstance.py:2191} INFO - Executing <Task(PythonOperator): transform_user_activity> on 2025-12-21 00:00:00+00:00
[2025-12-23T18:17:08.034+0000] {standard_task_runner.py:60} INFO - Started process 124 to run task
[2025-12-23T18:17:08.037+0000] {standard_task_runner.py:87} INFO - Running: ['airflow', 'tasks', 'run', 'user_activity_pipeline', 'transform_user_activity', 'scheduled__2025-12-21T00:00:00+00:00', '--job-id', '7', '--raw', '--subdir', 'DAGS_FOLDER/user_activity_pipeline.py', '--cfg-path', '/tmp/tmp7rhp81wv']
[2025-12-23T18:17:08.039+0000] {standard_task_runner.py:88} INFO - Job 7: Subtask transform_user_activity
[2025-12-23T18:17:08.065+0000] {task_command.py:423} INFO - Running <TaskInstance: user_activity_pipeline.transform_user_activity scheduled__2025-12-21T00:00:00+00:00 [running]> on host 984488adc495
[2025-12-23T18:17:08.159+0000] {taskinstance.py:2480} INFO - Exporting env vars: AIRFLOW_CTX_DAG_OWNER='airflow' AIRFLOW_CTX_DAG_ID='user_activity_pipeline' AIRFLOW_CTX_TASK_ID='transform_user_activity' AIRFLOW_CTX_EXECUTION_DATE='2025-12-21T00:00:00+00:00' AIRFLOW_CTX_TRY_NUMBER='1' AIRFLOW_CTX_DAG_RUN_ID='scheduled__2025-12-21T00:00:00+00:00'
[2025-12-23T18:17:08.162+0000] {logging_mixin.py:188} INFO - [METRIC] Users with first-week purchase: 3
[2025-12-23T18:17:08.162+0000] {python.py:201} INFO - Done. Returned value was: None
[2025-12-23T18:17:08.164+0000] {taskinstance.py:1138} INFO - Marking task as SUCCESS. dag_id=user_activity_pipeline, task_id=transform_user_activity, execution_date=20251221T000000, start_date=20251223T181708, end_date=20251223T181708
[2025-12-23T18:17:08.179+0000] {local_task_job_runner.py:234} INFO - Task exited with return code 0
[2025-12-23T18:17:08.186+0000] {taskinstance.py:3280} INFO - 1 downstream tasks scheduled from follow-on schedule check
[2025-12-23T21:13:17.412+0000] {taskinstance.py:1956} INFO - Dependencies all met for dep_context=non-requeueable deps ti=<TaskInstance: user_activity_pipeline.transform_user_activity scheduled__2025-12-21T00:00:00+00:00 [queued]>
[2025-12-23T21:13:17.414+0000] {taskinstance.py:1956} INFO - Dependencies all met for dep_context=requeueable deps ti=<TaskInstance: user_activity_pipeline.transform_user_activity scheduled__2025-12-21T00:00:00+00:00 [queued]>
[2025-12-23T21:13:17.414+0000] {taskinstance.py:2170} INFO - Starting attempt 1 of 3
[2025-12-23T21:13:17.419+0000] {taskinstance.py:2191} INFO - Executing <Task(PythonOperator): transform_user_activity> on 2025-12-21 00:00:00+00:00
[2025-12-23T21:13:17.421+0000] {standard_task_runner.py:60} INFO - Started process 124 to run task
[2025-12-23T21:13:17.422+0000] {standard_task_runner.py:87} INFO - Running: ['airflow', 'tasks', 'run', 'user_activity_pipeline', 'transform_user_activity', 'scheduled__2025-12-21T00:00:00+00:00', '--job-id', '7', '--raw', '--subdir', 'DAGS_FOLDER/user_activity_pipeline.py', '--cfg-path', '/tmp/tmp3liktmgj']
[2025-12-23T21:13:17.423+0000] {standard_task_runner.py:88} INFO - Job 7: Subtask transform_user_activity
[2025-12-23T21:13:17.436+0000] {task_command.py:423} INFO - Running <TaskInstance: user_activity_pipeline.transform_user_activity scheduled__2025-12-21T00:00:00+00:00 [running]> on host 6dbc5099e563
[2025-12-23T21:13:17.501+0000] {taskinstance.py:2480} INFO - Exporting env vars: AIRFLOW_CTX_DAG_OWNER='airflow' AIRFLOW_CTX_DAG_ID='user_activity_pipeline' AIRFLOW_CTX_TASK_ID='transform_user_activity' AIRFLOW_CTX_EXECUTION_DATE='2025-12-21T00:00:00+00:00' AIRFLOW_CTX_TRY_NUMBER='1' AIRFLOW_CTX_DAG_RUN_ID='scheduled__2025-12-21T00:00:00+00:00'
[2025-12-23T21:13:17.502+0000] {logging_mixin.py:188} INFO - [METRIC] Users with first-week purchase: 3
[2025-12-23T21:13:17.502+0000] {python.py:201} INFO - Done. Returned value was: None
[2025-12-23T21:13:17.503+0000] {taskinstance.py:1138} INFO - Marking task as SUCCESS. dag_id=user_activity_pipeline, task_id=transform_user_activity, execution_date=20251221T000000, start_date=20251223T211317, end_date=20251223T211317
[2025-12-23T21:13:17.522+0000] {local_task_job_runner.py:234} INFO - Task exited with return code 0
[2025-12-23T21:13:17.527+0000] {taskinstance.py:3280} INFO - 1 downstream tasks scheduled from follow-on schedule check
