[2025-12-23T22:35:11.716+0000] {taskinstance.py:1956} INFO - Dependencies all met for dep_context=non-requeueable deps ti=<TaskInstance: user_activity_pipeline.transform_to_silver scheduled__2025-12-21T00:00:00+00:00 [queued]>
[2025-12-23T22:35:11.718+0000] {taskinstance.py:1956} INFO - Dependencies all met for dep_context=requeueable deps ti=<TaskInstance: user_activity_pipeline.transform_to_silver scheduled__2025-12-21T00:00:00+00:00 [queued]>
[2025-12-23T22:35:11.718+0000] {taskinstance.py:2170} INFO - Starting attempt 1 of 3
[2025-12-23T22:35:11.723+0000] {taskinstance.py:2191} INFO - Executing <Task(PythonOperator): transform_to_silver> on 2025-12-21 00:00:00+00:00
[2025-12-23T22:35:11.724+0000] {standard_task_runner.py:60} INFO - Started process 135 to run task
[2025-12-23T22:35:11.726+0000] {standard_task_runner.py:87} INFO - Running: ['airflow', 'tasks', 'run', 'user_activity_pipeline', 'transform_to_silver', 'scheduled__2025-12-21T00:00:00+00:00', '--job-id', '8', '--raw', '--subdir', 'DAGS_FOLDER/user_activity_pipeline.py', '--cfg-path', '/tmp/tmpaksfzw71']
[2025-12-23T22:35:11.726+0000] {standard_task_runner.py:88} INFO - Job 8: Subtask transform_to_silver
[2025-12-23T22:35:11.739+0000] {task_command.py:423} INFO - Running <TaskInstance: user_activity_pipeline.transform_to_silver scheduled__2025-12-21T00:00:00+00:00 [running]> on host ee92ca13fa7e
[2025-12-23T22:35:11.842+0000] {taskinstance.py:2480} INFO - Exporting env vars: AIRFLOW_CTX_DAG_OWNER='airflow' AIRFLOW_CTX_DAG_ID='user_activity_pipeline' AIRFLOW_CTX_TASK_ID='transform_to_silver' AIRFLOW_CTX_EXECUTION_DATE='2025-12-21T00:00:00+00:00' AIRFLOW_CTX_TRY_NUMBER='1' AIRFLOW_CTX_DAG_RUN_ID='scheduled__2025-12-21T00:00:00+00:00'
[2025-12-23T22:35:11.843+0000] {logging_mixin.py:188} INFO - [SILVER] Stored 10 cleaned events for 2025-12-21
[2025-12-23T22:35:11.843+0000] {python.py:201} INFO - Done. Returned value was: None
[2025-12-23T22:35:11.845+0000] {taskinstance.py:1138} INFO - Marking task as SUCCESS. dag_id=user_activity_pipeline, task_id=transform_to_silver, execution_date=20251221T000000, start_date=20251223T223511, end_date=20251223T223511
[2025-12-23T22:35:11.864+0000] {local_task_job_runner.py:234} INFO - Task exited with return code 0
[2025-12-23T22:35:11.870+0000] {taskinstance.py:3280} INFO - 1 downstream tasks scheduled from follow-on schedule check
[2025-12-23T22:42:36.522+0000] {taskinstance.py:1956} INFO - Dependencies all met for dep_context=non-requeueable deps ti=<TaskInstance: user_activity_pipeline.transform_to_silver scheduled__2025-12-21T00:00:00+00:00 [queued]>
[2025-12-23T22:42:36.524+0000] {taskinstance.py:1956} INFO - Dependencies all met for dep_context=requeueable deps ti=<TaskInstance: user_activity_pipeline.transform_to_silver scheduled__2025-12-21T00:00:00+00:00 [queued]>
[2025-12-23T22:42:36.524+0000] {taskinstance.py:2170} INFO - Starting attempt 1 of 3
[2025-12-23T22:42:36.529+0000] {taskinstance.py:2191} INFO - Executing <Task(PythonOperator): transform_to_silver> on 2025-12-21 00:00:00+00:00
[2025-12-23T22:42:36.531+0000] {standard_task_runner.py:60} INFO - Started process 125 to run task
[2025-12-23T22:42:36.532+0000] {standard_task_runner.py:87} INFO - Running: ['airflow', 'tasks', 'run', 'user_activity_pipeline', 'transform_to_silver', 'scheduled__2025-12-21T00:00:00+00:00', '--job-id', '7', '--raw', '--subdir', 'DAGS_FOLDER/user_activity_pipeline.py', '--cfg-path', '/tmp/tmp84d53_bl']
[2025-12-23T22:42:36.533+0000] {standard_task_runner.py:88} INFO - Job 7: Subtask transform_to_silver
[2025-12-23T22:42:36.546+0000] {task_command.py:423} INFO - Running <TaskInstance: user_activity_pipeline.transform_to_silver scheduled__2025-12-21T00:00:00+00:00 [running]> on host f6a8b915ead1
[2025-12-23T22:42:36.628+0000] {taskinstance.py:2480} INFO - Exporting env vars: AIRFLOW_CTX_DAG_OWNER='airflow' AIRFLOW_CTX_DAG_ID='user_activity_pipeline' AIRFLOW_CTX_TASK_ID='transform_to_silver' AIRFLOW_CTX_EXECUTION_DATE='2025-12-21T00:00:00+00:00' AIRFLOW_CTX_TRY_NUMBER='1' AIRFLOW_CTX_DAG_RUN_ID='scheduled__2025-12-21T00:00:00+00:00'
[2025-12-23T22:42:36.628+0000] {logging_mixin.py:188} INFO - [SILVER] Stored 10 cleaned events for 2025-12-21
[2025-12-23T22:42:36.629+0000] {python.py:201} INFO - Done. Returned value was: None
[2025-12-23T22:42:36.630+0000] {taskinstance.py:1138} INFO - Marking task as SUCCESS. dag_id=user_activity_pipeline, task_id=transform_to_silver, execution_date=20251221T000000, start_date=20251223T224236, end_date=20251223T224236
[2025-12-23T22:42:36.635+0000] {local_task_job_runner.py:234} INFO - Task exited with return code 0
[2025-12-23T22:42:36.641+0000] {taskinstance.py:3280} INFO - 1 downstream tasks scheduled from follow-on schedule check
[2025-12-23T22:45:45.296+0000] {taskinstance.py:1956} INFO - Dependencies all met for dep_context=non-requeueable deps ti=<TaskInstance: user_activity_pipeline.transform_to_silver scheduled__2025-12-21T00:00:00+00:00 [queued]>
[2025-12-23T22:45:45.299+0000] {taskinstance.py:1956} INFO - Dependencies all met for dep_context=requeueable deps ti=<TaskInstance: user_activity_pipeline.transform_to_silver scheduled__2025-12-21T00:00:00+00:00 [queued]>
[2025-12-23T22:45:45.299+0000] {taskinstance.py:2170} INFO - Starting attempt 1 of 3
[2025-12-23T22:45:45.303+0000] {taskinstance.py:2191} INFO - Executing <Task(PythonOperator): transform_to_silver> on 2025-12-21 00:00:00+00:00
[2025-12-23T22:45:45.306+0000] {standard_task_runner.py:60} INFO - Started process 124 to run task
[2025-12-23T22:45:45.307+0000] {standard_task_runner.py:87} INFO - Running: ['airflow', 'tasks', 'run', 'user_activity_pipeline', 'transform_to_silver', 'scheduled__2025-12-21T00:00:00+00:00', '--job-id', '7', '--raw', '--subdir', 'DAGS_FOLDER/user_activity_pipeline.py', '--cfg-path', '/tmp/tmpt42ewvt_']
[2025-12-23T22:45:45.308+0000] {standard_task_runner.py:88} INFO - Job 7: Subtask transform_to_silver
[2025-12-23T22:45:45.327+0000] {task_command.py:423} INFO - Running <TaskInstance: user_activity_pipeline.transform_to_silver scheduled__2025-12-21T00:00:00+00:00 [running]> on host 71784f2a3374
[2025-12-23T22:45:45.419+0000] {taskinstance.py:2480} INFO - Exporting env vars: AIRFLOW_CTX_DAG_OWNER='airflow' AIRFLOW_CTX_DAG_ID='user_activity_pipeline' AIRFLOW_CTX_TASK_ID='transform_to_silver' AIRFLOW_CTX_EXECUTION_DATE='2025-12-21T00:00:00+00:00' AIRFLOW_CTX_TRY_NUMBER='1' AIRFLOW_CTX_DAG_RUN_ID='scheduled__2025-12-21T00:00:00+00:00'
[2025-12-23T22:45:45.420+0000] {logging_mixin.py:188} INFO - [SILVER] Stored 10 cleaned events for 2025-12-21
[2025-12-23T22:45:45.420+0000] {python.py:201} INFO - Done. Returned value was: None
[2025-12-23T22:45:45.422+0000] {taskinstance.py:1138} INFO - Marking task as SUCCESS. dag_id=user_activity_pipeline, task_id=transform_to_silver, execution_date=20251221T000000, start_date=20251223T224545, end_date=20251223T224545
[2025-12-23T22:45:45.453+0000] {local_task_job_runner.py:234} INFO - Task exited with return code 0
[2025-12-23T22:45:45.458+0000] {taskinstance.py:3280} INFO - 1 downstream tasks scheduled from follow-on schedule check
[2026-01-01T19:44:06.188+0000] {taskinstance.py:1956} INFO - Dependencies all met for dep_context=non-requeueable deps ti=<TaskInstance: user_activity_pipeline.transform_to_silver scheduled__2025-12-21T00:00:00+00:00 [queued]>
[2026-01-01T19:44:06.190+0000] {taskinstance.py:1956} INFO - Dependencies all met for dep_context=requeueable deps ti=<TaskInstance: user_activity_pipeline.transform_to_silver scheduled__2025-12-21T00:00:00+00:00 [queued]>
[2026-01-01T19:44:06.190+0000] {taskinstance.py:2170} INFO - Starting attempt 1 of 3
[2026-01-01T19:44:06.194+0000] {taskinstance.py:2191} INFO - Executing <Task(PythonOperator): transform_to_silver> on 2025-12-21 00:00:00+00:00
[2026-01-01T19:44:06.195+0000] {standard_task_runner.py:60} INFO - Started process 148 to run task
[2026-01-01T19:44:06.196+0000] {standard_task_runner.py:87} INFO - Running: ['airflow', 'tasks', 'run', 'user_activity_pipeline', 'transform_to_silver', 'scheduled__2025-12-21T00:00:00+00:00', '--job-id', '8', '--raw', '--subdir', 'DAGS_FOLDER/user_activity_pipeline.py', '--cfg-path', '/tmp/tmp_qvm46bf']
[2026-01-01T19:44:06.197+0000] {standard_task_runner.py:88} INFO - Job 8: Subtask transform_to_silver
[2026-01-01T19:44:06.208+0000] {task_command.py:423} INFO - Running <TaskInstance: user_activity_pipeline.transform_to_silver scheduled__2025-12-21T00:00:00+00:00 [running]> on host af33cbcfb695
[2026-01-01T19:44:06.270+0000] {taskinstance.py:2480} INFO - Exporting env vars: AIRFLOW_CTX_DAG_OWNER='airflow' AIRFLOW_CTX_DAG_ID='user_activity_pipeline' AIRFLOW_CTX_TASK_ID='transform_to_silver' AIRFLOW_CTX_EXECUTION_DATE='2025-12-21T00:00:00+00:00' AIRFLOW_CTX_TRY_NUMBER='1' AIRFLOW_CTX_DAG_RUN_ID='scheduled__2025-12-21T00:00:00+00:00'
[2026-01-01T19:44:06.271+0000] {taskinstance.py:2698} ERROR - Task failed with exception
Traceback (most recent call last):
  File "/home/airflow/.local/lib/python3.9/site-packages/airflow/models/taskinstance.py", line 433, in _execute_task
    result = execute_callable(context=context, **execute_callable_kwargs)
  File "/home/airflow/.local/lib/python3.9/site-packages/airflow/operators/python.py", line 199, in execute
    return_value = self.execute_callable()
  File "/home/airflow/.local/lib/python3.9/site-packages/airflow/operators/python.py", line 216, in execute_callable
    return self.python_callable(*self.op_args, **self.op_kwargs)
  File "/opt/airflow/dags/user_activity_pipeline.py", line 16, in transform_task
    transform(execution_date)
  File "/opt/airflow/project/etl.py", line 22, in transform
    transform_event(execution_date)
  File "/opt/airflow/project/transformation/transform_event.py", line 35, in transform_event
    os.makedirs(silver_dir, exist_ok=True)
  File "/usr/local/lib/python3.9/os.py", line 215, in makedirs
    makedirs(head, exist_ok=exist_ok)
  File "/usr/local/lib/python3.9/os.py", line 215, in makedirs
    makedirs(head, exist_ok=exist_ok)
  File "/usr/local/lib/python3.9/os.py", line 215, in makedirs
    makedirs(head, exist_ok=exist_ok)
  [Previous line repeated 1 more time]
  File "/usr/local/lib/python3.9/os.py", line 225, in makedirs
    mkdir(name, mode)
PermissionError: [Errno 13] Permission denied: '/opt/spark'
[2026-01-01T19:44:06.272+0000] {taskinstance.py:1138} INFO - Marking task as UP_FOR_RETRY. dag_id=user_activity_pipeline, task_id=transform_to_silver, execution_date=20251221T000000, start_date=20260101T194406, end_date=20260101T194406
[2026-01-01T19:44:06.275+0000] {standard_task_runner.py:107} ERROR - Failed to execute job 8 for task transform_to_silver ([Errno 13] Permission denied: '/opt/spark'; 148)
[2026-01-01T19:44:06.294+0000] {local_task_job_runner.py:234} INFO - Task exited with return code 1
[2026-01-01T19:44:06.301+0000] {taskinstance.py:3280} INFO - 0 downstream tasks scheduled from follow-on schedule check
[2026-01-01T21:24:54.663+0000] {taskinstance.py:1956} INFO - Dependencies all met for dep_context=non-requeueable deps ti=<TaskInstance: user_activity_pipeline.transform_to_silver scheduled__2025-12-21T00:00:00+00:00 [queued]>
[2026-01-01T21:24:54.665+0000] {taskinstance.py:1956} INFO - Dependencies all met for dep_context=requeueable deps ti=<TaskInstance: user_activity_pipeline.transform_to_silver scheduled__2025-12-21T00:00:00+00:00 [queued]>
[2026-01-01T21:24:54.665+0000] {taskinstance.py:2170} INFO - Starting attempt 1 of 3
[2026-01-01T21:24:54.669+0000] {taskinstance.py:2191} INFO - Executing <Task(PythonOperator): transform_to_silver> on 2025-12-21 00:00:00+00:00
[2026-01-01T21:24:54.670+0000] {standard_task_runner.py:60} INFO - Started process 295 to run task
[2026-01-01T21:24:54.671+0000] {standard_task_runner.py:87} INFO - Running: ['airflow', 'tasks', 'run', 'user_activity_pipeline', 'transform_to_silver', 'scheduled__2025-12-21T00:00:00+00:00', '--job-id', '8', '--raw', '--subdir', 'DAGS_FOLDER/user_activity_pipeline.py', '--cfg-path', '/tmp/tmpbqora1oo']
[2026-01-01T21:24:54.672+0000] {standard_task_runner.py:88} INFO - Job 8: Subtask transform_to_silver
[2026-01-01T21:24:54.683+0000] {task_command.py:423} INFO - Running <TaskInstance: user_activity_pipeline.transform_to_silver scheduled__2025-12-21T00:00:00+00:00 [running]> on host 07e7948992e5
[2026-01-01T21:24:54.743+0000] {taskinstance.py:2480} INFO - Exporting env vars: AIRFLOW_CTX_DAG_OWNER='airflow' AIRFLOW_CTX_DAG_ID='user_activity_pipeline' AIRFLOW_CTX_TASK_ID='transform_to_silver' AIRFLOW_CTX_EXECUTION_DATE='2025-12-21T00:00:00+00:00' AIRFLOW_CTX_TRY_NUMBER='1' AIRFLOW_CTX_DAG_RUN_ID='scheduled__2025-12-21T00:00:00+00:00'
[2026-01-01T21:24:54.744+0000] {logging_mixin.py:188} INFO - [SILVER] Stored 10 cleaned events for 2025-12-21
[2026-01-01T21:24:54.744+0000] {python.py:201} INFO - Done. Returned value was: None
[2026-01-01T21:24:54.746+0000] {taskinstance.py:1138} INFO - Marking task as SUCCESS. dag_id=user_activity_pipeline, task_id=transform_to_silver, execution_date=20251221T000000, start_date=20260101T212454, end_date=20260101T212454
[2026-01-01T21:24:54.783+0000] {local_task_job_runner.py:234} INFO - Task exited with return code 0
[2026-01-01T21:24:54.790+0000] {taskinstance.py:3280} INFO - 1 downstream tasks scheduled from follow-on schedule check
