[2025-12-23T18:17:03.692+0000] {taskinstance.py:1956} INFO - Dependencies all met for dep_context=non-requeueable deps ti=<TaskInstance: user_activity_pipeline.extract_user_events scheduled__2025-12-21T00:00:00+00:00 [queued]>
[2025-12-23T18:17:03.694+0000] {taskinstance.py:1956} INFO - Dependencies all met for dep_context=requeueable deps ti=<TaskInstance: user_activity_pipeline.extract_user_events scheduled__2025-12-21T00:00:00+00:00 [queued]>
[2025-12-23T18:17:03.694+0000] {taskinstance.py:2170} INFO - Starting attempt 1 of 3
[2025-12-23T18:17:03.698+0000] {taskinstance.py:2191} INFO - Executing <Task(PythonOperator): extract_user_events> on 2025-12-21 00:00:00+00:00
[2025-12-23T18:17:03.699+0000] {standard_task_runner.py:60} INFO - Started process 80 to run task
[2025-12-23T18:17:03.701+0000] {standard_task_runner.py:87} INFO - Running: ['airflow', 'tasks', 'run', 'user_activity_pipeline', 'extract_user_events', 'scheduled__2025-12-21T00:00:00+00:00', '--job-id', '3', '--raw', '--subdir', 'DAGS_FOLDER/user_activity_pipeline.py', '--cfg-path', '/tmp/tmpqh10_0hs']
[2025-12-23T18:17:03.702+0000] {standard_task_runner.py:88} INFO - Job 3: Subtask extract_user_events
[2025-12-23T18:17:03.714+0000] {task_command.py:423} INFO - Running <TaskInstance: user_activity_pipeline.extract_user_events scheduled__2025-12-21T00:00:00+00:00 [running]> on host 984488adc495
[2025-12-23T18:17:03.782+0000] {taskinstance.py:2480} INFO - Exporting env vars: AIRFLOW_CTX_DAG_OWNER='airflow' AIRFLOW_CTX_DAG_ID='user_activity_pipeline' AIRFLOW_CTX_TASK_ID='extract_user_events' AIRFLOW_CTX_EXECUTION_DATE='2025-12-21T00:00:00+00:00' AIRFLOW_CTX_TRY_NUMBER='1' AIRFLOW_CTX_DAG_RUN_ID='scheduled__2025-12-21T00:00:00+00:00'
[2025-12-23T18:17:03.783+0000] {logging_mixin.py:188} INFO - [RAW] Loaded raw events from /opt/airflow/project/data/raw/2025-12-21/events.json
[2025-12-23T18:17:03.784+0000] {python.py:201} INFO - Done. Returned value was: None
[2025-12-23T18:17:03.785+0000] {taskinstance.py:1138} INFO - Marking task as SUCCESS. dag_id=user_activity_pipeline, task_id=extract_user_events, execution_date=20251221T000000, start_date=20251223T181703, end_date=20251223T181703
[2025-12-23T18:17:03.803+0000] {local_task_job_runner.py:234} INFO - Task exited with return code 0
[2025-12-23T18:17:03.809+0000] {taskinstance.py:3280} INFO - 1 downstream tasks scheduled from follow-on schedule check
[2025-12-23T21:13:11.815+0000] {taskinstance.py:1956} INFO - Dependencies all met for dep_context=non-requeueable deps ti=<TaskInstance: user_activity_pipeline.extract_user_events scheduled__2025-12-21T00:00:00+00:00 [queued]>
[2025-12-23T21:13:11.840+0000] {taskinstance.py:1956} INFO - Dependencies all met for dep_context=requeueable deps ti=<TaskInstance: user_activity_pipeline.extract_user_events scheduled__2025-12-21T00:00:00+00:00 [queued]>
[2025-12-23T21:13:11.840+0000] {taskinstance.py:2170} INFO - Starting attempt 1 of 3
[2025-12-23T21:13:11.878+0000] {taskinstance.py:2191} INFO - Executing <Task(PythonOperator): extract_user_events> on 2025-12-21 00:00:00+00:00
[2025-12-23T21:13:11.881+0000] {standard_task_runner.py:60} INFO - Started process 80 to run task
[2025-12-23T21:13:11.884+0000] {standard_task_runner.py:87} INFO - Running: ['airflow', 'tasks', 'run', 'user_activity_pipeline', 'extract_user_events', 'scheduled__2025-12-21T00:00:00+00:00', '--job-id', '3', '--raw', '--subdir', 'DAGS_FOLDER/user_activity_pipeline.py', '--cfg-path', '/tmp/tmpk0bu5eqq']
[2025-12-23T21:13:11.885+0000] {standard_task_runner.py:88} INFO - Job 3: Subtask extract_user_events
[2025-12-23T21:13:11.911+0000] {task_command.py:423} INFO - Running <TaskInstance: user_activity_pipeline.extract_user_events scheduled__2025-12-21T00:00:00+00:00 [running]> on host 6dbc5099e563
[2025-12-23T21:13:12.012+0000] {taskinstance.py:2480} INFO - Exporting env vars: AIRFLOW_CTX_DAG_OWNER='airflow' AIRFLOW_CTX_DAG_ID='user_activity_pipeline' AIRFLOW_CTX_TASK_ID='extract_user_events' AIRFLOW_CTX_EXECUTION_DATE='2025-12-21T00:00:00+00:00' AIRFLOW_CTX_TRY_NUMBER='1' AIRFLOW_CTX_DAG_RUN_ID='scheduled__2025-12-21T00:00:00+00:00'
[2025-12-23T21:13:12.013+0000] {logging_mixin.py:188} INFO - [RAW] No raw data found, fetching from API
[2025-12-23T21:13:12.013+0000] {logging_mixin.py:188} INFO - [EXTRACT] Fetching data (attempt 1/3)
[2025-12-23T21:13:12.196+0000] {logging_mixin.py:188} INFO - [EXTRACT] Retrieved 10 events
[2025-12-23T21:13:12.198+0000] {logging_mixin.py:188} INFO - [RAW] Saved raw events to /opt/airflow/project/data/raw/2025-12-21/events.json
[2025-12-23T21:13:12.199+0000] {python.py:201} INFO - Done. Returned value was: None
[2025-12-23T21:13:12.203+0000] {taskinstance.py:1138} INFO - Marking task as SUCCESS. dag_id=user_activity_pipeline, task_id=extract_user_events, execution_date=20251221T000000, start_date=20251223T211311, end_date=20251223T211312
[2025-12-23T21:13:12.247+0000] {local_task_job_runner.py:234} INFO - Task exited with return code 0
[2025-12-23T21:13:12.259+0000] {taskinstance.py:3280} INFO - 1 downstream tasks scheduled from follow-on schedule check
