[2025-12-23T22:35:07.009+0000] {taskinstance.py:1956} INFO - Dependencies all met for dep_context=non-requeueable deps ti=<TaskInstance: user_activity_pipeline.extract_raw_events scheduled__2025-12-21T00:00:00+00:00 [queued]>
[2025-12-23T22:35:07.011+0000] {taskinstance.py:1956} INFO - Dependencies all met for dep_context=requeueable deps ti=<TaskInstance: user_activity_pipeline.extract_raw_events scheduled__2025-12-21T00:00:00+00:00 [queued]>
[2025-12-23T22:35:07.012+0000] {taskinstance.py:2170} INFO - Starting attempt 1 of 3
[2025-12-23T22:35:07.016+0000] {taskinstance.py:2191} INFO - Executing <Task(PythonOperator): extract_raw_events> on 2025-12-21 00:00:00+00:00
[2025-12-23T22:35:07.018+0000] {standard_task_runner.py:60} INFO - Started process 91 to run task
[2025-12-23T22:35:07.021+0000] {standard_task_runner.py:87} INFO - Running: ['airflow', 'tasks', 'run', 'user_activity_pipeline', 'extract_raw_events', 'scheduled__2025-12-21T00:00:00+00:00', '--job-id', '4', '--raw', '--subdir', 'DAGS_FOLDER/user_activity_pipeline.py', '--cfg-path', '/tmp/tmpbavvznun']
[2025-12-23T22:35:07.025+0000] {standard_task_runner.py:88} INFO - Job 4: Subtask extract_raw_events
[2025-12-23T22:35:07.038+0000] {task_command.py:423} INFO - Running <TaskInstance: user_activity_pipeline.extract_raw_events scheduled__2025-12-21T00:00:00+00:00 [running]> on host ee92ca13fa7e
[2025-12-23T22:35:07.108+0000] {taskinstance.py:2480} INFO - Exporting env vars: AIRFLOW_CTX_DAG_OWNER='airflow' AIRFLOW_CTX_DAG_ID='user_activity_pipeline' AIRFLOW_CTX_TASK_ID='extract_raw_events' AIRFLOW_CTX_EXECUTION_DATE='2025-12-21T00:00:00+00:00' AIRFLOW_CTX_TRY_NUMBER='1' AIRFLOW_CTX_DAG_RUN_ID='scheduled__2025-12-21T00:00:00+00:00'
[2025-12-23T22:35:07.108+0000] {logging_mixin.py:188} INFO - [BRONZE] No raw data for 2025-12-21, fetching from API
[2025-12-23T22:35:07.108+0000] {logging_mixin.py:188} INFO - [EXTRACT] Fetching data (attempt 1/3)
[2025-12-23T22:35:07.277+0000] {logging_mixin.py:188} INFO - [EXTRACT] Retrieved 10 events
[2025-12-23T22:35:07.279+0000] {logging_mixin.py:188} INFO - [BRONZE] Saved 10 raw events
[2025-12-23T22:35:07.280+0000] {python.py:201} INFO - Done. Returned value was: None
[2025-12-23T22:35:07.283+0000] {taskinstance.py:1138} INFO - Marking task as SUCCESS. dag_id=user_activity_pipeline, task_id=extract_raw_events, execution_date=20251221T000000, start_date=20251223T223507, end_date=20251223T223507
[2025-12-23T22:35:07.331+0000] {local_task_job_runner.py:234} INFO - Task exited with return code 0
[2025-12-23T22:35:07.344+0000] {taskinstance.py:3280} INFO - 1 downstream tasks scheduled from follow-on schedule check
[2025-12-23T22:42:32.064+0000] {taskinstance.py:1956} INFO - Dependencies all met for dep_context=non-requeueable deps ti=<TaskInstance: user_activity_pipeline.extract_raw_events scheduled__2025-12-21T00:00:00+00:00 [queued]>
[2025-12-23T22:42:32.066+0000] {taskinstance.py:1956} INFO - Dependencies all met for dep_context=requeueable deps ti=<TaskInstance: user_activity_pipeline.extract_raw_events scheduled__2025-12-21T00:00:00+00:00 [queued]>
[2025-12-23T22:42:32.067+0000] {taskinstance.py:2170} INFO - Starting attempt 1 of 3
[2025-12-23T22:42:32.071+0000] {taskinstance.py:2191} INFO - Executing <Task(PythonOperator): extract_raw_events> on 2025-12-21 00:00:00+00:00
[2025-12-23T22:42:32.072+0000] {standard_task_runner.py:60} INFO - Started process 81 to run task
[2025-12-23T22:42:32.073+0000] {standard_task_runner.py:87} INFO - Running: ['airflow', 'tasks', 'run', 'user_activity_pipeline', 'extract_raw_events', 'scheduled__2025-12-21T00:00:00+00:00', '--job-id', '3', '--raw', '--subdir', 'DAGS_FOLDER/user_activity_pipeline.py', '--cfg-path', '/tmp/tmptix3cn_k']
[2025-12-23T22:42:32.074+0000] {standard_task_runner.py:88} INFO - Job 3: Subtask extract_raw_events
[2025-12-23T22:42:32.086+0000] {task_command.py:423} INFO - Running <TaskInstance: user_activity_pipeline.extract_raw_events scheduled__2025-12-21T00:00:00+00:00 [running]> on host f6a8b915ead1
[2025-12-23T22:42:32.152+0000] {taskinstance.py:2480} INFO - Exporting env vars: AIRFLOW_CTX_DAG_OWNER='airflow' AIRFLOW_CTX_DAG_ID='user_activity_pipeline' AIRFLOW_CTX_TASK_ID='extract_raw_events' AIRFLOW_CTX_EXECUTION_DATE='2025-12-21T00:00:00+00:00' AIRFLOW_CTX_TRY_NUMBER='1' AIRFLOW_CTX_DAG_RUN_ID='scheduled__2025-12-21T00:00:00+00:00'
[2025-12-23T22:42:32.152+0000] {logging_mixin.py:188} INFO - [BRONZE] Using existing raw data for 2025-12-21
[2025-12-23T22:42:32.152+0000] {python.py:201} INFO - Done. Returned value was: None
[2025-12-23T22:42:32.154+0000] {taskinstance.py:1138} INFO - Marking task as SUCCESS. dag_id=user_activity_pipeline, task_id=extract_raw_events, execution_date=20251221T000000, start_date=20251223T224232, end_date=20251223T224232
[2025-12-23T22:42:32.171+0000] {local_task_job_runner.py:234} INFO - Task exited with return code 0
[2025-12-23T22:42:32.178+0000] {taskinstance.py:3280} INFO - 1 downstream tasks scheduled from follow-on schedule check
[2025-12-23T22:45:40.197+0000] {taskinstance.py:1956} INFO - Dependencies all met for dep_context=non-requeueable deps ti=<TaskInstance: user_activity_pipeline.extract_raw_events scheduled__2025-12-21T00:00:00+00:00 [queued]>
[2025-12-23T22:45:40.199+0000] {taskinstance.py:1956} INFO - Dependencies all met for dep_context=requeueable deps ti=<TaskInstance: user_activity_pipeline.extract_raw_events scheduled__2025-12-21T00:00:00+00:00 [queued]>
[2025-12-23T22:45:40.199+0000] {taskinstance.py:2170} INFO - Starting attempt 1 of 3
[2025-12-23T22:45:40.203+0000] {taskinstance.py:2191} INFO - Executing <Task(PythonOperator): extract_raw_events> on 2025-12-21 00:00:00+00:00
[2025-12-23T22:45:40.204+0000] {standard_task_runner.py:60} INFO - Started process 80 to run task
[2025-12-23T22:45:40.206+0000] {standard_task_runner.py:87} INFO - Running: ['airflow', 'tasks', 'run', 'user_activity_pipeline', 'extract_raw_events', 'scheduled__2025-12-21T00:00:00+00:00', '--job-id', '3', '--raw', '--subdir', 'DAGS_FOLDER/user_activity_pipeline.py', '--cfg-path', '/tmp/tmpkaemo6gb']
[2025-12-23T22:45:40.206+0000] {standard_task_runner.py:88} INFO - Job 3: Subtask extract_raw_events
[2025-12-23T22:45:40.218+0000] {task_command.py:423} INFO - Running <TaskInstance: user_activity_pipeline.extract_raw_events scheduled__2025-12-21T00:00:00+00:00 [running]> on host 71784f2a3374
[2025-12-23T22:45:40.286+0000] {taskinstance.py:2480} INFO - Exporting env vars: AIRFLOW_CTX_DAG_OWNER='airflow' AIRFLOW_CTX_DAG_ID='user_activity_pipeline' AIRFLOW_CTX_TASK_ID='extract_raw_events' AIRFLOW_CTX_EXECUTION_DATE='2025-12-21T00:00:00+00:00' AIRFLOW_CTX_TRY_NUMBER='1' AIRFLOW_CTX_DAG_RUN_ID='scheduled__2025-12-21T00:00:00+00:00'
[2025-12-23T22:45:40.286+0000] {logging_mixin.py:188} INFO - [BRONZE] Using existing raw data for 2025-12-21
[2025-12-23T22:45:40.286+0000] {python.py:201} INFO - Done. Returned value was: None
[2025-12-23T22:45:40.288+0000] {taskinstance.py:1138} INFO - Marking task as SUCCESS. dag_id=user_activity_pipeline, task_id=extract_raw_events, execution_date=20251221T000000, start_date=20251223T224540, end_date=20251223T224540
[2025-12-23T22:45:40.302+0000] {local_task_job_runner.py:234} INFO - Task exited with return code 0
[2025-12-23T22:45:40.308+0000] {taskinstance.py:3280} INFO - 1 downstream tasks scheduled from follow-on schedule check
[2026-01-01T19:44:01.954+0000] {taskinstance.py:1956} INFO - Dependencies all met for dep_context=non-requeueable deps ti=<TaskInstance: user_activity_pipeline.extract_raw_events scheduled__2025-12-21T00:00:00+00:00 [queued]>
[2026-01-01T19:44:01.957+0000] {taskinstance.py:1956} INFO - Dependencies all met for dep_context=requeueable deps ti=<TaskInstance: user_activity_pipeline.extract_raw_events scheduled__2025-12-21T00:00:00+00:00 [queued]>
[2026-01-01T19:44:01.957+0000] {taskinstance.py:2170} INFO - Starting attempt 1 of 3
[2026-01-01T19:44:01.961+0000] {taskinstance.py:2191} INFO - Executing <Task(PythonOperator): extract_raw_events> on 2025-12-21 00:00:00+00:00
[2026-01-01T19:44:01.962+0000] {standard_task_runner.py:60} INFO - Started process 104 to run task
[2026-01-01T19:44:01.963+0000] {standard_task_runner.py:87} INFO - Running: ['airflow', 'tasks', 'run', 'user_activity_pipeline', 'extract_raw_events', 'scheduled__2025-12-21T00:00:00+00:00', '--job-id', '4', '--raw', '--subdir', 'DAGS_FOLDER/user_activity_pipeline.py', '--cfg-path', '/tmp/tmpd5phf5dk']
[2026-01-01T19:44:01.963+0000] {standard_task_runner.py:88} INFO - Job 4: Subtask extract_raw_events
[2026-01-01T19:44:01.975+0000] {task_command.py:423} INFO - Running <TaskInstance: user_activity_pipeline.extract_raw_events scheduled__2025-12-21T00:00:00+00:00 [running]> on host af33cbcfb695
[2026-01-01T19:44:02.034+0000] {taskinstance.py:2480} INFO - Exporting env vars: AIRFLOW_CTX_DAG_OWNER='airflow' AIRFLOW_CTX_DAG_ID='user_activity_pipeline' AIRFLOW_CTX_TASK_ID='extract_raw_events' AIRFLOW_CTX_EXECUTION_DATE='2025-12-21T00:00:00+00:00' AIRFLOW_CTX_TRY_NUMBER='1' AIRFLOW_CTX_DAG_RUN_ID='scheduled__2025-12-21T00:00:00+00:00'
[2026-01-01T19:44:02.035+0000] {logging_mixin.py:188} INFO - [BRONZE] Using existing raw data for 2025-12-21
[2026-01-01T19:44:02.035+0000] {python.py:201} INFO - Done. Returned value was: None
[2026-01-01T19:44:02.036+0000] {taskinstance.py:1138} INFO - Marking task as SUCCESS. dag_id=user_activity_pipeline, task_id=extract_raw_events, execution_date=20251221T000000, start_date=20260101T194401, end_date=20260101T194402
[2026-01-01T19:44:02.060+0000] {local_task_job_runner.py:234} INFO - Task exited with return code 0
[2026-01-01T19:44:02.067+0000] {taskinstance.py:3280} INFO - 1 downstream tasks scheduled from follow-on schedule check
[2026-01-01T21:24:49.780+0000] {taskinstance.py:1956} INFO - Dependencies all met for dep_context=non-requeueable deps ti=<TaskInstance: user_activity_pipeline.extract_raw_events scheduled__2025-12-21T00:00:00+00:00 [queued]>
[2026-01-01T21:24:49.782+0000] {taskinstance.py:1956} INFO - Dependencies all met for dep_context=requeueable deps ti=<TaskInstance: user_activity_pipeline.extract_raw_events scheduled__2025-12-21T00:00:00+00:00 [queued]>
[2026-01-01T21:24:49.782+0000] {taskinstance.py:2170} INFO - Starting attempt 1 of 3
[2026-01-01T21:24:49.786+0000] {taskinstance.py:2191} INFO - Executing <Task(PythonOperator): extract_raw_events> on 2025-12-21 00:00:00+00:00
[2026-01-01T21:24:49.787+0000] {standard_task_runner.py:60} INFO - Started process 251 to run task
[2026-01-01T21:24:49.789+0000] {standard_task_runner.py:87} INFO - Running: ['airflow', 'tasks', 'run', 'user_activity_pipeline', 'extract_raw_events', 'scheduled__2025-12-21T00:00:00+00:00', '--job-id', '4', '--raw', '--subdir', 'DAGS_FOLDER/user_activity_pipeline.py', '--cfg-path', '/tmp/tmpx4973d1r']
[2026-01-01T21:24:49.789+0000] {standard_task_runner.py:88} INFO - Job 4: Subtask extract_raw_events
[2026-01-01T21:24:49.801+0000] {task_command.py:423} INFO - Running <TaskInstance: user_activity_pipeline.extract_raw_events scheduled__2025-12-21T00:00:00+00:00 [running]> on host 07e7948992e5
[2026-01-01T21:24:49.866+0000] {taskinstance.py:2480} INFO - Exporting env vars: AIRFLOW_CTX_DAG_OWNER='airflow' AIRFLOW_CTX_DAG_ID='user_activity_pipeline' AIRFLOW_CTX_TASK_ID='extract_raw_events' AIRFLOW_CTX_EXECUTION_DATE='2025-12-21T00:00:00+00:00' AIRFLOW_CTX_TRY_NUMBER='1' AIRFLOW_CTX_DAG_RUN_ID='scheduled__2025-12-21T00:00:00+00:00'
[2026-01-01T21:24:49.866+0000] {logging_mixin.py:188} INFO - [BRONZE] No raw data for 2025-12-21, fetching from API
[2026-01-01T21:24:49.867+0000] {logging_mixin.py:188} INFO - [EXTRACT] Fetching data (attempt 1/3)
[2026-01-01T21:24:50.058+0000] {logging_mixin.py:188} INFO - [EXTRACT] Retrieved 10 events
[2026-01-01T21:24:50.061+0000] {logging_mixin.py:188} INFO - [BRONZE] Saved 10 raw events
[2026-01-01T21:24:50.061+0000] {python.py:201} INFO - Done. Returned value was: None
[2026-01-01T21:24:50.065+0000] {taskinstance.py:1138} INFO - Marking task as SUCCESS. dag_id=user_activity_pipeline, task_id=extract_raw_events, execution_date=20251221T000000, start_date=20260101T212449, end_date=20260101T212450
[2026-01-01T21:24:50.119+0000] {local_task_job_runner.py:234} INFO - Task exited with return code 0
[2026-01-01T21:24:50.140+0000] {taskinstance.py:3280} INFO - 1 downstream tasks scheduled from follow-on schedule check
