[2025-12-23T22:35:04.143+0000] {taskinstance.py:1956} INFO - Dependencies all met for dep_context=non-requeueable deps ti=<TaskInstance: user_activity_pipeline.extract_raw_events scheduled__2025-12-20T00:00:00+00:00 [queued]>
[2025-12-23T22:35:04.153+0000] {taskinstance.py:1956} INFO - Dependencies all met for dep_context=requeueable deps ti=<TaskInstance: user_activity_pipeline.extract_raw_events scheduled__2025-12-20T00:00:00+00:00 [queued]>
[2025-12-23T22:35:04.153+0000] {taskinstance.py:2170} INFO - Starting attempt 1 of 3
[2025-12-23T22:35:04.167+0000] {taskinstance.py:2191} INFO - Executing <Task(PythonOperator): extract_raw_events> on 2025-12-20 00:00:00+00:00
[2025-12-23T22:35:04.170+0000] {standard_task_runner.py:60} INFO - Started process 69 to run task
[2025-12-23T22:35:04.173+0000] {standard_task_runner.py:87} INFO - Running: ['airflow', 'tasks', 'run', 'user_activity_pipeline', 'extract_raw_events', 'scheduled__2025-12-20T00:00:00+00:00', '--job-id', '2', '--raw', '--subdir', 'DAGS_FOLDER/user_activity_pipeline.py', '--cfg-path', '/tmp/tmpqjkxr9sw']
[2025-12-23T22:35:04.174+0000] {standard_task_runner.py:88} INFO - Job 2: Subtask extract_raw_events
[2025-12-23T22:35:04.193+0000] {task_command.py:423} INFO - Running <TaskInstance: user_activity_pipeline.extract_raw_events scheduled__2025-12-20T00:00:00+00:00 [running]> on host ee92ca13fa7e
[2025-12-23T22:35:04.286+0000] {taskinstance.py:2480} INFO - Exporting env vars: AIRFLOW_CTX_DAG_OWNER='airflow' AIRFLOW_CTX_DAG_ID='user_activity_pipeline' AIRFLOW_CTX_TASK_ID='extract_raw_events' AIRFLOW_CTX_EXECUTION_DATE='2025-12-20T00:00:00+00:00' AIRFLOW_CTX_TRY_NUMBER='1' AIRFLOW_CTX_DAG_RUN_ID='scheduled__2025-12-20T00:00:00+00:00'
[2025-12-23T22:35:04.287+0000] {logging_mixin.py:188} INFO - [BRONZE] No raw data for 2025-12-20, fetching from API
[2025-12-23T22:35:04.287+0000] {logging_mixin.py:188} INFO - [EXTRACT] Fetching data (attempt 1/3)
[2025-12-23T22:35:04.501+0000] {logging_mixin.py:188} INFO - [EXTRACT] Retrieved 10 events
[2025-12-23T22:35:04.507+0000] {logging_mixin.py:188} INFO - [BRONZE] Saved 10 raw events
[2025-12-23T22:35:04.507+0000] {python.py:201} INFO - Done. Returned value was: None
[2025-12-23T22:35:04.513+0000] {taskinstance.py:1138} INFO - Marking task as SUCCESS. dag_id=user_activity_pipeline, task_id=extract_raw_events, execution_date=20251220T000000, start_date=20251223T223504, end_date=20251223T223504
[2025-12-23T22:35:04.546+0000] {local_task_job_runner.py:234} INFO - Task exited with return code 0
[2025-12-23T22:35:04.561+0000] {taskinstance.py:3280} INFO - 1 downstream tasks scheduled from follow-on schedule check
[2025-12-23T22:42:30.923+0000] {taskinstance.py:1956} INFO - Dependencies all met for dep_context=non-requeueable deps ti=<TaskInstance: user_activity_pipeline.extract_raw_events scheduled__2025-12-20T00:00:00+00:00 [queued]>
[2025-12-23T22:42:30.925+0000] {taskinstance.py:1956} INFO - Dependencies all met for dep_context=requeueable deps ti=<TaskInstance: user_activity_pipeline.extract_raw_events scheduled__2025-12-20T00:00:00+00:00 [queued]>
[2025-12-23T22:42:30.925+0000] {taskinstance.py:2170} INFO - Starting attempt 1 of 3
[2025-12-23T22:42:30.930+0000] {taskinstance.py:2191} INFO - Executing <Task(PythonOperator): extract_raw_events> on 2025-12-20 00:00:00+00:00
[2025-12-23T22:42:30.931+0000] {standard_task_runner.py:60} INFO - Started process 70 to run task
[2025-12-23T22:42:30.933+0000] {standard_task_runner.py:87} INFO - Running: ['airflow', 'tasks', 'run', 'user_activity_pipeline', 'extract_raw_events', 'scheduled__2025-12-20T00:00:00+00:00', '--job-id', '2', '--raw', '--subdir', 'DAGS_FOLDER/user_activity_pipeline.py', '--cfg-path', '/tmp/tmpjg5vq3zl']
[2025-12-23T22:42:30.934+0000] {standard_task_runner.py:88} INFO - Job 2: Subtask extract_raw_events
[2025-12-23T22:42:30.949+0000] {task_command.py:423} INFO - Running <TaskInstance: user_activity_pipeline.extract_raw_events scheduled__2025-12-20T00:00:00+00:00 [running]> on host f6a8b915ead1
[2025-12-23T22:42:31.037+0000] {taskinstance.py:2480} INFO - Exporting env vars: AIRFLOW_CTX_DAG_OWNER='airflow' AIRFLOW_CTX_DAG_ID='user_activity_pipeline' AIRFLOW_CTX_TASK_ID='extract_raw_events' AIRFLOW_CTX_EXECUTION_DATE='2025-12-20T00:00:00+00:00' AIRFLOW_CTX_TRY_NUMBER='1' AIRFLOW_CTX_DAG_RUN_ID='scheduled__2025-12-20T00:00:00+00:00'
[2025-12-23T22:42:31.038+0000] {logging_mixin.py:188} INFO - [BRONZE] Using existing raw data for 2025-12-20
[2025-12-23T22:42:31.038+0000] {python.py:201} INFO - Done. Returned value was: None
[2025-12-23T22:42:31.039+0000] {taskinstance.py:1138} INFO - Marking task as SUCCESS. dag_id=user_activity_pipeline, task_id=extract_raw_events, execution_date=20251220T000000, start_date=20251223T224230, end_date=20251223T224231
[2025-12-23T22:42:31.080+0000] {local_task_job_runner.py:234} INFO - Task exited with return code 0
[2025-12-23T22:42:31.087+0000] {taskinstance.py:3280} INFO - 1 downstream tasks scheduled from follow-on schedule check
[2025-12-23T22:45:39.009+0000] {taskinstance.py:1956} INFO - Dependencies all met for dep_context=non-requeueable deps ti=<TaskInstance: user_activity_pipeline.extract_raw_events scheduled__2025-12-20T00:00:00+00:00 [queued]>
[2025-12-23T22:45:39.012+0000] {taskinstance.py:1956} INFO - Dependencies all met for dep_context=requeueable deps ti=<TaskInstance: user_activity_pipeline.extract_raw_events scheduled__2025-12-20T00:00:00+00:00 [queued]>
[2025-12-23T22:45:39.012+0000] {taskinstance.py:2170} INFO - Starting attempt 1 of 3
[2025-12-23T22:45:39.016+0000] {taskinstance.py:2191} INFO - Executing <Task(PythonOperator): extract_raw_events> on 2025-12-20 00:00:00+00:00
[2025-12-23T22:45:39.018+0000] {standard_task_runner.py:60} INFO - Started process 69 to run task
[2025-12-23T22:45:39.020+0000] {standard_task_runner.py:87} INFO - Running: ['airflow', 'tasks', 'run', 'user_activity_pipeline', 'extract_raw_events', 'scheduled__2025-12-20T00:00:00+00:00', '--job-id', '2', '--raw', '--subdir', 'DAGS_FOLDER/user_activity_pipeline.py', '--cfg-path', '/tmp/tmp6a00sz2l']
[2025-12-23T22:45:39.021+0000] {standard_task_runner.py:88} INFO - Job 2: Subtask extract_raw_events
[2025-12-23T22:45:39.041+0000] {task_command.py:423} INFO - Running <TaskInstance: user_activity_pipeline.extract_raw_events scheduled__2025-12-20T00:00:00+00:00 [running]> on host 71784f2a3374
[2025-12-23T22:45:39.123+0000] {taskinstance.py:2480} INFO - Exporting env vars: AIRFLOW_CTX_DAG_OWNER='airflow' AIRFLOW_CTX_DAG_ID='user_activity_pipeline' AIRFLOW_CTX_TASK_ID='extract_raw_events' AIRFLOW_CTX_EXECUTION_DATE='2025-12-20T00:00:00+00:00' AIRFLOW_CTX_TRY_NUMBER='1' AIRFLOW_CTX_DAG_RUN_ID='scheduled__2025-12-20T00:00:00+00:00'
[2025-12-23T22:45:39.123+0000] {logging_mixin.py:188} INFO - [BRONZE] Using existing raw data for 2025-12-20
[2025-12-23T22:45:39.124+0000] {python.py:201} INFO - Done. Returned value was: None
[2025-12-23T22:45:39.125+0000] {taskinstance.py:1138} INFO - Marking task as SUCCESS. dag_id=user_activity_pipeline, task_id=extract_raw_events, execution_date=20251220T000000, start_date=20251223T224539, end_date=20251223T224539
[2025-12-23T22:45:39.171+0000] {local_task_job_runner.py:234} INFO - Task exited with return code 0
[2025-12-23T22:45:39.179+0000] {taskinstance.py:3280} INFO - 1 downstream tasks scheduled from follow-on schedule check
[2026-01-01T19:43:59.179+0000] {taskinstance.py:1956} INFO - Dependencies all met for dep_context=non-requeueable deps ti=<TaskInstance: user_activity_pipeline.extract_raw_events scheduled__2025-12-20T00:00:00+00:00 [queued]>
[2026-01-01T19:43:59.181+0000] {taskinstance.py:1956} INFO - Dependencies all met for dep_context=requeueable deps ti=<TaskInstance: user_activity_pipeline.extract_raw_events scheduled__2025-12-20T00:00:00+00:00 [queued]>
[2026-01-01T19:43:59.181+0000] {taskinstance.py:2170} INFO - Starting attempt 1 of 3
[2026-01-01T19:43:59.185+0000] {taskinstance.py:2191} INFO - Executing <Task(PythonOperator): extract_raw_events> on 2025-12-20 00:00:00+00:00
[2026-01-01T19:43:59.187+0000] {standard_task_runner.py:60} INFO - Started process 82 to run task
[2026-01-01T19:43:59.190+0000] {standard_task_runner.py:87} INFO - Running: ['airflow', 'tasks', 'run', 'user_activity_pipeline', 'extract_raw_events', 'scheduled__2025-12-20T00:00:00+00:00', '--job-id', '2', '--raw', '--subdir', 'DAGS_FOLDER/user_activity_pipeline.py', '--cfg-path', '/tmp/tmp_898crqn']
[2026-01-01T19:43:59.192+0000] {standard_task_runner.py:88} INFO - Job 2: Subtask extract_raw_events
[2026-01-01T19:43:59.204+0000] {task_command.py:423} INFO - Running <TaskInstance: user_activity_pipeline.extract_raw_events scheduled__2025-12-20T00:00:00+00:00 [running]> on host af33cbcfb695
[2026-01-01T19:43:59.277+0000] {taskinstance.py:2480} INFO - Exporting env vars: AIRFLOW_CTX_DAG_OWNER='airflow' AIRFLOW_CTX_DAG_ID='user_activity_pipeline' AIRFLOW_CTX_TASK_ID='extract_raw_events' AIRFLOW_CTX_EXECUTION_DATE='2025-12-20T00:00:00+00:00' AIRFLOW_CTX_TRY_NUMBER='1' AIRFLOW_CTX_DAG_RUN_ID='scheduled__2025-12-20T00:00:00+00:00'
[2026-01-01T19:43:59.278+0000] {logging_mixin.py:188} INFO - [BRONZE] Using existing raw data for 2025-12-20
[2026-01-01T19:43:59.279+0000] {python.py:201} INFO - Done. Returned value was: None
[2026-01-01T19:43:59.280+0000] {taskinstance.py:1138} INFO - Marking task as SUCCESS. dag_id=user_activity_pipeline, task_id=extract_raw_events, execution_date=20251220T000000, start_date=20260101T194359, end_date=20260101T194359
[2026-01-01T19:43:59.293+0000] {local_task_job_runner.py:234} INFO - Task exited with return code 0
[2026-01-01T19:43:59.300+0000] {taskinstance.py:3280} INFO - 1 downstream tasks scheduled from follow-on schedule check
[2026-01-01T21:24:48.423+0000] {taskinstance.py:1956} INFO - Dependencies all met for dep_context=non-requeueable deps ti=<TaskInstance: user_activity_pipeline.extract_raw_events scheduled__2025-12-20T00:00:00+00:00 [queued]>
[2026-01-01T21:24:48.424+0000] {taskinstance.py:1956} INFO - Dependencies all met for dep_context=requeueable deps ti=<TaskInstance: user_activity_pipeline.extract_raw_events scheduled__2025-12-20T00:00:00+00:00 [queued]>
[2026-01-01T21:24:48.425+0000] {taskinstance.py:2170} INFO - Starting attempt 1 of 3
[2026-01-01T21:24:48.428+0000] {taskinstance.py:2191} INFO - Executing <Task(PythonOperator): extract_raw_events> on 2025-12-20 00:00:00+00:00
[2026-01-01T21:24:48.430+0000] {standard_task_runner.py:60} INFO - Started process 240 to run task
[2026-01-01T21:24:48.432+0000] {standard_task_runner.py:87} INFO - Running: ['airflow', 'tasks', 'run', 'user_activity_pipeline', 'extract_raw_events', 'scheduled__2025-12-20T00:00:00+00:00', '--job-id', '3', '--raw', '--subdir', 'DAGS_FOLDER/user_activity_pipeline.py', '--cfg-path', '/tmp/tmpb_t5l40j']
[2026-01-01T21:24:48.434+0000] {standard_task_runner.py:88} INFO - Job 3: Subtask extract_raw_events
[2026-01-01T21:24:48.447+0000] {task_command.py:423} INFO - Running <TaskInstance: user_activity_pipeline.extract_raw_events scheduled__2025-12-20T00:00:00+00:00 [running]> on host 07e7948992e5
[2026-01-01T21:24:48.526+0000] {taskinstance.py:2480} INFO - Exporting env vars: AIRFLOW_CTX_DAG_OWNER='airflow' AIRFLOW_CTX_DAG_ID='user_activity_pipeline' AIRFLOW_CTX_TASK_ID='extract_raw_events' AIRFLOW_CTX_EXECUTION_DATE='2025-12-20T00:00:00+00:00' AIRFLOW_CTX_TRY_NUMBER='1' AIRFLOW_CTX_DAG_RUN_ID='scheduled__2025-12-20T00:00:00+00:00'
[2026-01-01T21:24:48.527+0000] {logging_mixin.py:188} INFO - [BRONZE] No raw data for 2025-12-20, fetching from API
[2026-01-01T21:24:48.527+0000] {logging_mixin.py:188} INFO - [EXTRACT] Fetching data (attempt 1/3)
[2026-01-01T21:24:48.730+0000] {logging_mixin.py:188} INFO - [EXTRACT] Retrieved 10 events
[2026-01-01T21:24:48.735+0000] {logging_mixin.py:188} INFO - [BRONZE] Saved 10 raw events
[2026-01-01T21:24:48.735+0000] {python.py:201} INFO - Done. Returned value was: None
[2026-01-01T21:24:48.739+0000] {taskinstance.py:1138} INFO - Marking task as SUCCESS. dag_id=user_activity_pipeline, task_id=extract_raw_events, execution_date=20251220T000000, start_date=20260101T212448, end_date=20260101T212448
[2026-01-01T21:24:48.758+0000] {local_task_job_runner.py:234} INFO - Task exited with return code 0
[2026-01-01T21:24:48.771+0000] {taskinstance.py:3280} INFO - 1 downstream tasks scheduled from follow-on schedule check
