[2025-12-23T18:17:02.401+0000] {taskinstance.py:1956} INFO - Dependencies all met for dep_context=non-requeueable deps ti=<TaskInstance: user_activity_pipeline.extract_user_events scheduled__2025-12-20T00:00:00+00:00 [queued]>
[2025-12-23T18:17:02.403+0000] {taskinstance.py:1956} INFO - Dependencies all met for dep_context=requeueable deps ti=<TaskInstance: user_activity_pipeline.extract_user_events scheduled__2025-12-20T00:00:00+00:00 [queued]>
[2025-12-23T18:17:02.404+0000] {taskinstance.py:2170} INFO - Starting attempt 1 of 3
[2025-12-23T18:17:02.408+0000] {taskinstance.py:2191} INFO - Executing <Task(PythonOperator): extract_user_events> on 2025-12-20 00:00:00+00:00
[2025-12-23T18:17:02.409+0000] {standard_task_runner.py:60} INFO - Started process 69 to run task
[2025-12-23T18:17:02.411+0000] {standard_task_runner.py:87} INFO - Running: ['airflow', 'tasks', 'run', 'user_activity_pipeline', 'extract_user_events', 'scheduled__2025-12-20T00:00:00+00:00', '--job-id', '2', '--raw', '--subdir', 'DAGS_FOLDER/user_activity_pipeline.py', '--cfg-path', '/tmp/tmpt54m09m4']
[2025-12-23T18:17:02.412+0000] {standard_task_runner.py:88} INFO - Job 2: Subtask extract_user_events
[2025-12-23T18:17:02.429+0000] {task_command.py:423} INFO - Running <TaskInstance: user_activity_pipeline.extract_user_events scheduled__2025-12-20T00:00:00+00:00 [running]> on host 984488adc495
[2025-12-23T18:17:02.509+0000] {taskinstance.py:2480} INFO - Exporting env vars: AIRFLOW_CTX_DAG_OWNER='airflow' AIRFLOW_CTX_DAG_ID='user_activity_pipeline' AIRFLOW_CTX_TASK_ID='extract_user_events' AIRFLOW_CTX_EXECUTION_DATE='2025-12-20T00:00:00+00:00' AIRFLOW_CTX_TRY_NUMBER='1' AIRFLOW_CTX_DAG_RUN_ID='scheduled__2025-12-20T00:00:00+00:00'
[2025-12-23T18:17:02.510+0000] {logging_mixin.py:188} INFO - [RAW] Loaded raw events from /opt/airflow/project/data/raw/2025-12-20/events.json
[2025-12-23T18:17:02.510+0000] {python.py:201} INFO - Done. Returned value was: None
[2025-12-23T18:17:02.512+0000] {taskinstance.py:1138} INFO - Marking task as SUCCESS. dag_id=user_activity_pipeline, task_id=extract_user_events, execution_date=20251220T000000, start_date=20251223T181702, end_date=20251223T181702
[2025-12-23T18:17:02.518+0000] {local_task_job_runner.py:234} INFO - Task exited with return code 0
[2025-12-23T18:17:02.525+0000] {taskinstance.py:3280} INFO - 1 downstream tasks scheduled from follow-on schedule check
[2025-12-23T21:13:10.295+0000] {taskinstance.py:1956} INFO - Dependencies all met for dep_context=non-requeueable deps ti=<TaskInstance: user_activity_pipeline.extract_user_events scheduled__2025-12-20T00:00:00+00:00 [queued]>
[2025-12-23T21:13:10.298+0000] {taskinstance.py:1956} INFO - Dependencies all met for dep_context=requeueable deps ti=<TaskInstance: user_activity_pipeline.extract_user_events scheduled__2025-12-20T00:00:00+00:00 [queued]>
[2025-12-23T21:13:10.298+0000] {taskinstance.py:2170} INFO - Starting attempt 1 of 3
[2025-12-23T21:13:10.304+0000] {taskinstance.py:2191} INFO - Executing <Task(PythonOperator): extract_user_events> on 2025-12-20 00:00:00+00:00
[2025-12-23T21:13:10.306+0000] {standard_task_runner.py:60} INFO - Started process 69 to run task
[2025-12-23T21:13:10.309+0000] {standard_task_runner.py:87} INFO - Running: ['airflow', 'tasks', 'run', 'user_activity_pipeline', 'extract_user_events', 'scheduled__2025-12-20T00:00:00+00:00', '--job-id', '2', '--raw', '--subdir', 'DAGS_FOLDER/user_activity_pipeline.py', '--cfg-path', '/tmp/tmpvulohgab']
[2025-12-23T21:13:10.310+0000] {standard_task_runner.py:88} INFO - Job 2: Subtask extract_user_events
[2025-12-23T21:13:10.335+0000] {task_command.py:423} INFO - Running <TaskInstance: user_activity_pipeline.extract_user_events scheduled__2025-12-20T00:00:00+00:00 [running]> on host 6dbc5099e563
[2025-12-23T21:13:10.429+0000] {taskinstance.py:2480} INFO - Exporting env vars: AIRFLOW_CTX_DAG_OWNER='airflow' AIRFLOW_CTX_DAG_ID='user_activity_pipeline' AIRFLOW_CTX_TASK_ID='extract_user_events' AIRFLOW_CTX_EXECUTION_DATE='2025-12-20T00:00:00+00:00' AIRFLOW_CTX_TRY_NUMBER='1' AIRFLOW_CTX_DAG_RUN_ID='scheduled__2025-12-20T00:00:00+00:00'
[2025-12-23T21:13:10.430+0000] {logging_mixin.py:188} INFO - [RAW] No raw data found, fetching from API
[2025-12-23T21:13:10.430+0000] {logging_mixin.py:188} INFO - [EXTRACT] Fetching data (attempt 1/3)
[2025-12-23T21:13:10.659+0000] {logging_mixin.py:188} INFO - [EXTRACT] Retrieved 10 events
[2025-12-23T21:13:10.664+0000] {logging_mixin.py:188} INFO - [RAW] Saved raw events to /opt/airflow/project/data/raw/2025-12-20/events.json
[2025-12-23T21:13:10.665+0000] {python.py:201} INFO - Done. Returned value was: None
[2025-12-23T21:13:10.669+0000] {taskinstance.py:1138} INFO - Marking task as SUCCESS. dag_id=user_activity_pipeline, task_id=extract_user_events, execution_date=20251220T000000, start_date=20251223T211310, end_date=20251223T211310
[2025-12-23T21:13:10.701+0000] {local_task_job_runner.py:234} INFO - Task exited with return code 0
[2025-12-23T21:13:10.714+0000] {taskinstance.py:3280} INFO - 1 downstream tasks scheduled from follow-on schedule check
