[2025-12-23T18:17:09.197+0000] {taskinstance.py:1956} INFO - Dependencies all met for dep_context=non-requeueable deps ti=<TaskInstance: user_activity_pipeline.load_user_metrics scheduled__2025-12-20T00:00:00+00:00 [queued]>
[2025-12-23T18:17:09.199+0000] {taskinstance.py:1956} INFO - Dependencies all met for dep_context=requeueable deps ti=<TaskInstance: user_activity_pipeline.load_user_metrics scheduled__2025-12-20T00:00:00+00:00 [queued]>
[2025-12-23T18:17:09.199+0000] {taskinstance.py:2170} INFO - Starting attempt 1 of 3
[2025-12-23T18:17:09.204+0000] {taskinstance.py:2191} INFO - Executing <Task(PythonOperator): load_user_metrics> on 2025-12-20 00:00:00+00:00
[2025-12-23T18:17:09.205+0000] {standard_task_runner.py:60} INFO - Started process 135 to run task
[2025-12-23T18:17:09.207+0000] {standard_task_runner.py:87} INFO - Running: ['airflow', 'tasks', 'run', 'user_activity_pipeline', 'load_user_metrics', 'scheduled__2025-12-20T00:00:00+00:00', '--job-id', '8', '--raw', '--subdir', 'DAGS_FOLDER/user_activity_pipeline.py', '--cfg-path', '/tmp/tmpgrl1he72']
[2025-12-23T18:17:09.208+0000] {standard_task_runner.py:88} INFO - Job 8: Subtask load_user_metrics
[2025-12-23T18:17:09.220+0000] {task_command.py:423} INFO - Running <TaskInstance: user_activity_pipeline.load_user_metrics scheduled__2025-12-20T00:00:00+00:00 [running]> on host 984488adc495
[2025-12-23T18:17:09.296+0000] {taskinstance.py:2480} INFO - Exporting env vars: AIRFLOW_CTX_DAG_OWNER='airflow' AIRFLOW_CTX_DAG_ID='user_activity_pipeline' AIRFLOW_CTX_TASK_ID='load_user_metrics' AIRFLOW_CTX_EXECUTION_DATE='2025-12-20T00:00:00+00:00' AIRFLOW_CTX_TRY_NUMBER='1' AIRFLOW_CTX_DAG_RUN_ID='scheduled__2025-12-20T00:00:00+00:00'
[2025-12-23T18:17:09.303+0000] {python.py:201} INFO - Done. Returned value was: None
[2025-12-23T18:17:09.306+0000] {taskinstance.py:1138} INFO - Marking task as SUCCESS. dag_id=user_activity_pipeline, task_id=load_user_metrics, execution_date=20251220T000000, start_date=20251223T181709, end_date=20251223T181709
[2025-12-23T18:17:09.351+0000] {local_task_job_runner.py:234} INFO - Task exited with return code 0
[2025-12-23T18:17:09.355+0000] {taskinstance.py:3280} INFO - 0 downstream tasks scheduled from follow-on schedule check
[2025-12-23T21:13:18.480+0000] {taskinstance.py:1956} INFO - Dependencies all met for dep_context=non-requeueable deps ti=<TaskInstance: user_activity_pipeline.load_user_metrics scheduled__2025-12-20T00:00:00+00:00 [queued]>
[2025-12-23T21:13:18.483+0000] {taskinstance.py:1956} INFO - Dependencies all met for dep_context=requeueable deps ti=<TaskInstance: user_activity_pipeline.load_user_metrics scheduled__2025-12-20T00:00:00+00:00 [queued]>
[2025-12-23T21:13:18.483+0000] {taskinstance.py:2170} INFO - Starting attempt 1 of 3
[2025-12-23T21:13:18.488+0000] {taskinstance.py:2191} INFO - Executing <Task(PythonOperator): load_user_metrics> on 2025-12-20 00:00:00+00:00
[2025-12-23T21:13:18.490+0000] {standard_task_runner.py:60} INFO - Started process 135 to run task
[2025-12-23T21:13:18.491+0000] {standard_task_runner.py:87} INFO - Running: ['airflow', 'tasks', 'run', 'user_activity_pipeline', 'load_user_metrics', 'scheduled__2025-12-20T00:00:00+00:00', '--job-id', '8', '--raw', '--subdir', 'DAGS_FOLDER/user_activity_pipeline.py', '--cfg-path', '/tmp/tmpyu6213hx']
[2025-12-23T21:13:18.492+0000] {standard_task_runner.py:88} INFO - Job 8: Subtask load_user_metrics
[2025-12-23T21:13:18.505+0000] {task_command.py:423} INFO - Running <TaskInstance: user_activity_pipeline.load_user_metrics scheduled__2025-12-20T00:00:00+00:00 [running]> on host 6dbc5099e563
[2025-12-23T21:13:18.579+0000] {taskinstance.py:2480} INFO - Exporting env vars: AIRFLOW_CTX_DAG_OWNER='airflow' AIRFLOW_CTX_DAG_ID='user_activity_pipeline' AIRFLOW_CTX_TASK_ID='load_user_metrics' AIRFLOW_CTX_EXECUTION_DATE='2025-12-20T00:00:00+00:00' AIRFLOW_CTX_TRY_NUMBER='1' AIRFLOW_CTX_DAG_RUN_ID='scheduled__2025-12-20T00:00:00+00:00'
[2025-12-23T21:13:18.587+0000] {python.py:201} INFO - Done. Returned value was: None
[2025-12-23T21:13:18.589+0000] {taskinstance.py:1138} INFO - Marking task as SUCCESS. dag_id=user_activity_pipeline, task_id=load_user_metrics, execution_date=20251220T000000, start_date=20251223T211318, end_date=20251223T211318
[2025-12-23T21:13:18.632+0000] {local_task_job_runner.py:234} INFO - Task exited with return code 0
[2025-12-23T21:13:18.636+0000] {taskinstance.py:3280} INFO - 0 downstream tasks scheduled from follow-on schedule check
