[2025-12-23T18:17:13.531+0000] {taskinstance.py:1956} INFO - Dependencies all met for dep_context=non-requeueable deps ti=<TaskInstance: user_activity_pipeline.load_user_metrics scheduled__2025-12-22T00:00:00+00:00 [queued]>
[2025-12-23T18:17:13.533+0000] {taskinstance.py:1956} INFO - Dependencies all met for dep_context=requeueable deps ti=<TaskInstance: user_activity_pipeline.load_user_metrics scheduled__2025-12-22T00:00:00+00:00 [queued]>
[2025-12-23T18:17:13.533+0000] {taskinstance.py:2170} INFO - Starting attempt 1 of 3
[2025-12-23T18:17:13.538+0000] {taskinstance.py:2191} INFO - Executing <Task(PythonOperator): load_user_metrics> on 2025-12-22 00:00:00+00:00
[2025-12-23T18:17:13.539+0000] {standard_task_runner.py:60} INFO - Started process 179 to run task
[2025-12-23T18:17:13.540+0000] {standard_task_runner.py:87} INFO - Running: ['airflow', 'tasks', 'run', 'user_activity_pipeline', 'load_user_metrics', 'scheduled__2025-12-22T00:00:00+00:00', '--job-id', '12', '--raw', '--subdir', 'DAGS_FOLDER/user_activity_pipeline.py', '--cfg-path', '/tmp/tmpi8gpepk6']
[2025-12-23T18:17:13.541+0000] {standard_task_runner.py:88} INFO - Job 12: Subtask load_user_metrics
[2025-12-23T18:17:13.553+0000] {task_command.py:423} INFO - Running <TaskInstance: user_activity_pipeline.load_user_metrics scheduled__2025-12-22T00:00:00+00:00 [running]> on host 984488adc495
[2025-12-23T18:17:13.626+0000] {taskinstance.py:2480} INFO - Exporting env vars: AIRFLOW_CTX_DAG_OWNER='airflow' AIRFLOW_CTX_DAG_ID='user_activity_pipeline' AIRFLOW_CTX_TASK_ID='load_user_metrics' AIRFLOW_CTX_EXECUTION_DATE='2025-12-22T00:00:00+00:00' AIRFLOW_CTX_TRY_NUMBER='1' AIRFLOW_CTX_DAG_RUN_ID='scheduled__2025-12-22T00:00:00+00:00'
[2025-12-23T18:17:13.630+0000] {python.py:201} INFO - Done. Returned value was: None
[2025-12-23T18:17:13.631+0000] {taskinstance.py:1138} INFO - Marking task as SUCCESS. dag_id=user_activity_pipeline, task_id=load_user_metrics, execution_date=20251222T000000, start_date=20251223T181713, end_date=20251223T181713
[2025-12-23T18:17:13.639+0000] {local_task_job_runner.py:234} INFO - Task exited with return code 0
[2025-12-23T18:17:13.643+0000] {taskinstance.py:3280} INFO - 0 downstream tasks scheduled from follow-on schedule check
[2025-12-23T21:13:22.948+0000] {taskinstance.py:1956} INFO - Dependencies all met for dep_context=non-requeueable deps ti=<TaskInstance: user_activity_pipeline.load_user_metrics scheduled__2025-12-22T00:00:00+00:00 [queued]>
[2025-12-23T21:13:22.950+0000] {taskinstance.py:1956} INFO - Dependencies all met for dep_context=requeueable deps ti=<TaskInstance: user_activity_pipeline.load_user_metrics scheduled__2025-12-22T00:00:00+00:00 [queued]>
[2025-12-23T21:13:22.951+0000] {taskinstance.py:2170} INFO - Starting attempt 1 of 3
[2025-12-23T21:13:22.955+0000] {taskinstance.py:2191} INFO - Executing <Task(PythonOperator): load_user_metrics> on 2025-12-22 00:00:00+00:00
[2025-12-23T21:13:22.957+0000] {standard_task_runner.py:60} INFO - Started process 180 to run task
[2025-12-23T21:13:22.958+0000] {standard_task_runner.py:87} INFO - Running: ['airflow', 'tasks', 'run', 'user_activity_pipeline', 'load_user_metrics', 'scheduled__2025-12-22T00:00:00+00:00', '--job-id', '12', '--raw', '--subdir', 'DAGS_FOLDER/user_activity_pipeline.py', '--cfg-path', '/tmp/tmpdxm_z_5e']
[2025-12-23T21:13:22.959+0000] {standard_task_runner.py:88} INFO - Job 12: Subtask load_user_metrics
[2025-12-23T21:13:22.971+0000] {task_command.py:423} INFO - Running <TaskInstance: user_activity_pipeline.load_user_metrics scheduled__2025-12-22T00:00:00+00:00 [running]> on host 6dbc5099e563
[2025-12-23T21:13:23.039+0000] {taskinstance.py:2480} INFO - Exporting env vars: AIRFLOW_CTX_DAG_OWNER='airflow' AIRFLOW_CTX_DAG_ID='user_activity_pipeline' AIRFLOW_CTX_TASK_ID='load_user_metrics' AIRFLOW_CTX_EXECUTION_DATE='2025-12-22T00:00:00+00:00' AIRFLOW_CTX_TRY_NUMBER='1' AIRFLOW_CTX_DAG_RUN_ID='scheduled__2025-12-22T00:00:00+00:00'
[2025-12-23T21:13:23.043+0000] {python.py:201} INFO - Done. Returned value was: None
[2025-12-23T21:13:23.045+0000] {taskinstance.py:1138} INFO - Marking task as SUCCESS. dag_id=user_activity_pipeline, task_id=load_user_metrics, execution_date=20251222T000000, start_date=20251223T211322, end_date=20251223T211323
[2025-12-23T21:13:23.061+0000] {local_task_job_runner.py:234} INFO - Task exited with return code 0
[2025-12-23T21:13:23.065+0000] {taskinstance.py:3280} INFO - 0 downstream tasks scheduled from follow-on schedule check
