[2025-12-23T22:35:10.448+0000] {taskinstance.py:1956} INFO - Dependencies all met for dep_context=non-requeueable deps ti=<TaskInstance: user_activity_pipeline.extract_raw_events scheduled__2025-12-22T00:00:00+00:00 [queued]>
[2025-12-23T22:35:10.450+0000] {taskinstance.py:1956} INFO - Dependencies all met for dep_context=requeueable deps ti=<TaskInstance: user_activity_pipeline.extract_raw_events scheduled__2025-12-22T00:00:00+00:00 [queued]>
[2025-12-23T22:35:10.450+0000] {taskinstance.py:2170} INFO - Starting attempt 1 of 3
[2025-12-23T22:35:10.455+0000] {taskinstance.py:2191} INFO - Executing <Task(PythonOperator): extract_raw_events> on 2025-12-22 00:00:00+00:00
[2025-12-23T22:35:10.457+0000] {standard_task_runner.py:60} INFO - Started process 124 to run task
[2025-12-23T22:35:10.459+0000] {standard_task_runner.py:87} INFO - Running: ['airflow', 'tasks', 'run', 'user_activity_pipeline', 'extract_raw_events', 'scheduled__2025-12-22T00:00:00+00:00', '--job-id', '7', '--raw', '--subdir', 'DAGS_FOLDER/user_activity_pipeline.py', '--cfg-path', '/tmp/tmpjt1i7r_m']
[2025-12-23T22:35:10.459+0000] {standard_task_runner.py:88} INFO - Job 7: Subtask extract_raw_events
[2025-12-23T22:35:10.473+0000] {task_command.py:423} INFO - Running <TaskInstance: user_activity_pipeline.extract_raw_events scheduled__2025-12-22T00:00:00+00:00 [running]> on host ee92ca13fa7e
[2025-12-23T22:35:10.551+0000] {taskinstance.py:2480} INFO - Exporting env vars: AIRFLOW_CTX_DAG_OWNER='airflow' AIRFLOW_CTX_DAG_ID='user_activity_pipeline' AIRFLOW_CTX_TASK_ID='extract_raw_events' AIRFLOW_CTX_EXECUTION_DATE='2025-12-22T00:00:00+00:00' AIRFLOW_CTX_TRY_NUMBER='1' AIRFLOW_CTX_DAG_RUN_ID='scheduled__2025-12-22T00:00:00+00:00'
[2025-12-23T22:35:10.551+0000] {logging_mixin.py:188} INFO - [BRONZE] No raw data for 2025-12-22, fetching from API
[2025-12-23T22:35:10.552+0000] {logging_mixin.py:188} INFO - [EXTRACT] Fetching data (attempt 1/3)
[2025-12-23T22:35:10.730+0000] {logging_mixin.py:188} INFO - [EXTRACT] Retrieved 10 events
[2025-12-23T22:35:10.732+0000] {logging_mixin.py:188} INFO - [BRONZE] Saved 10 raw events
[2025-12-23T22:35:10.732+0000] {python.py:201} INFO - Done. Returned value was: None
[2025-12-23T22:35:10.735+0000] {taskinstance.py:1138} INFO - Marking task as SUCCESS. dag_id=user_activity_pipeline, task_id=extract_raw_events, execution_date=20251222T000000, start_date=20251223T223510, end_date=20251223T223510
[2025-12-23T22:35:10.770+0000] {local_task_job_runner.py:234} INFO - Task exited with return code 0
[2025-12-23T22:35:10.782+0000] {taskinstance.py:3280} INFO - 1 downstream tasks scheduled from follow-on schedule check
[2025-12-23T22:42:35.314+0000] {taskinstance.py:1956} INFO - Dependencies all met for dep_context=non-requeueable deps ti=<TaskInstance: user_activity_pipeline.extract_raw_events scheduled__2025-12-22T00:00:00+00:00 [queued]>
[2025-12-23T22:42:35.316+0000] {taskinstance.py:1956} INFO - Dependencies all met for dep_context=requeueable deps ti=<TaskInstance: user_activity_pipeline.extract_raw_events scheduled__2025-12-22T00:00:00+00:00 [queued]>
[2025-12-23T22:42:35.316+0000] {taskinstance.py:2170} INFO - Starting attempt 1 of 3
[2025-12-23T22:42:35.320+0000] {taskinstance.py:2191} INFO - Executing <Task(PythonOperator): extract_raw_events> on 2025-12-22 00:00:00+00:00
[2025-12-23T22:42:35.322+0000] {standard_task_runner.py:60} INFO - Started process 114 to run task
[2025-12-23T22:42:35.323+0000] {standard_task_runner.py:87} INFO - Running: ['airflow', 'tasks', 'run', 'user_activity_pipeline', 'extract_raw_events', 'scheduled__2025-12-22T00:00:00+00:00', '--job-id', '6', '--raw', '--subdir', 'DAGS_FOLDER/user_activity_pipeline.py', '--cfg-path', '/tmp/tmpl6_km4vc']
[2025-12-23T22:42:35.324+0000] {standard_task_runner.py:88} INFO - Job 6: Subtask extract_raw_events
[2025-12-23T22:42:35.336+0000] {task_command.py:423} INFO - Running <TaskInstance: user_activity_pipeline.extract_raw_events scheduled__2025-12-22T00:00:00+00:00 [running]> on host f6a8b915ead1
[2025-12-23T22:42:35.406+0000] {taskinstance.py:2480} INFO - Exporting env vars: AIRFLOW_CTX_DAG_OWNER='airflow' AIRFLOW_CTX_DAG_ID='user_activity_pipeline' AIRFLOW_CTX_TASK_ID='extract_raw_events' AIRFLOW_CTX_EXECUTION_DATE='2025-12-22T00:00:00+00:00' AIRFLOW_CTX_TRY_NUMBER='1' AIRFLOW_CTX_DAG_RUN_ID='scheduled__2025-12-22T00:00:00+00:00'
[2025-12-23T22:42:35.406+0000] {logging_mixin.py:188} INFO - [BRONZE] Using existing raw data for 2025-12-22
[2025-12-23T22:42:35.406+0000] {python.py:201} INFO - Done. Returned value was: None
[2025-12-23T22:42:35.408+0000] {taskinstance.py:1138} INFO - Marking task as SUCCESS. dag_id=user_activity_pipeline, task_id=extract_raw_events, execution_date=20251222T000000, start_date=20251223T224235, end_date=20251223T224235
[2025-12-23T22:42:35.420+0000] {local_task_job_runner.py:234} INFO - Task exited with return code 0
[2025-12-23T22:42:35.427+0000] {taskinstance.py:3280} INFO - 1 downstream tasks scheduled from follow-on schedule check
[2025-12-23T22:45:43.675+0000] {taskinstance.py:1956} INFO - Dependencies all met for dep_context=non-requeueable deps ti=<TaskInstance: user_activity_pipeline.extract_raw_events scheduled__2025-12-22T00:00:00+00:00 [queued]>
[2025-12-23T22:45:43.679+0000] {taskinstance.py:1956} INFO - Dependencies all met for dep_context=requeueable deps ti=<TaskInstance: user_activity_pipeline.extract_raw_events scheduled__2025-12-22T00:00:00+00:00 [queued]>
[2025-12-23T22:45:43.679+0000] {taskinstance.py:2170} INFO - Starting attempt 1 of 3
[2025-12-23T22:45:43.693+0000] {taskinstance.py:2191} INFO - Executing <Task(PythonOperator): extract_raw_events> on 2025-12-22 00:00:00+00:00
[2025-12-23T22:45:43.696+0000] {standard_task_runner.py:60} INFO - Started process 113 to run task
[2025-12-23T22:45:43.698+0000] {standard_task_runner.py:87} INFO - Running: ['airflow', 'tasks', 'run', 'user_activity_pipeline', 'extract_raw_events', 'scheduled__2025-12-22T00:00:00+00:00', '--job-id', '6', '--raw', '--subdir', 'DAGS_FOLDER/user_activity_pipeline.py', '--cfg-path', '/tmp/tmp9oka_xht']
[2025-12-23T22:45:43.699+0000] {standard_task_runner.py:88} INFO - Job 6: Subtask extract_raw_events
[2025-12-23T22:45:43.716+0000] {task_command.py:423} INFO - Running <TaskInstance: user_activity_pipeline.extract_raw_events scheduled__2025-12-22T00:00:00+00:00 [running]> on host 71784f2a3374
[2025-12-23T22:45:43.803+0000] {taskinstance.py:2480} INFO - Exporting env vars: AIRFLOW_CTX_DAG_OWNER='airflow' AIRFLOW_CTX_DAG_ID='user_activity_pipeline' AIRFLOW_CTX_TASK_ID='extract_raw_events' AIRFLOW_CTX_EXECUTION_DATE='2025-12-22T00:00:00+00:00' AIRFLOW_CTX_TRY_NUMBER='1' AIRFLOW_CTX_DAG_RUN_ID='scheduled__2025-12-22T00:00:00+00:00'
[2025-12-23T22:45:43.804+0000] {logging_mixin.py:188} INFO - [BRONZE] Using existing raw data for 2025-12-22
[2025-12-23T22:45:43.804+0000] {python.py:201} INFO - Done. Returned value was: None
[2025-12-23T22:45:43.805+0000] {taskinstance.py:1138} INFO - Marking task as SUCCESS. dag_id=user_activity_pipeline, task_id=extract_raw_events, execution_date=20251222T000000, start_date=20251223T224543, end_date=20251223T224543
[2025-12-23T22:45:43.840+0000] {local_task_job_runner.py:234} INFO - Task exited with return code 0
[2025-12-23T22:45:43.847+0000] {taskinstance.py:3280} INFO - 1 downstream tasks scheduled from follow-on schedule check
