[2025-12-23T22:40:18.106+0000] {taskinstance.py:1956} INFO - Dependencies all met for dep_context=non-requeueable deps ti=<TaskInstance: user_activity_pipeline.load_to_warehouse scheduled__2025-12-21T00:00:00+00:00 [queued]>
[2025-12-23T22:40:18.108+0000] {taskinstance.py:1956} INFO - Dependencies all met for dep_context=requeueable deps ti=<TaskInstance: user_activity_pipeline.load_to_warehouse scheduled__2025-12-21T00:00:00+00:00 [queued]>
[2025-12-23T22:40:18.108+0000] {taskinstance.py:2170} INFO - Starting attempt 2 of 3
[2025-12-23T22:40:18.113+0000] {taskinstance.py:2191} INFO - Executing <Task(PythonOperator): load_to_warehouse> on 2025-12-21 00:00:00+00:00
[2025-12-23T22:40:18.114+0000] {standard_task_runner.py:60} INFO - Started process 233 to run task
[2025-12-23T22:40:18.116+0000] {standard_task_runner.py:87} INFO - Running: ['airflow', 'tasks', 'run', 'user_activity_pipeline', 'load_to_warehouse', 'scheduled__2025-12-21T00:00:00+00:00', '--job-id', '16', '--raw', '--subdir', 'DAGS_FOLDER/user_activity_pipeline.py', '--cfg-path', '/tmp/tmpwt0mlye_']
[2025-12-23T22:40:18.117+0000] {standard_task_runner.py:88} INFO - Job 16: Subtask load_to_warehouse
[2025-12-23T22:40:18.130+0000] {task_command.py:423} INFO - Running <TaskInstance: user_activity_pipeline.load_to_warehouse scheduled__2025-12-21T00:00:00+00:00 [running]> on host ee92ca13fa7e
[2025-12-23T22:40:18.197+0000] {taskinstance.py:2480} INFO - Exporting env vars: AIRFLOW_CTX_DAG_OWNER='airflow' AIRFLOW_CTX_DAG_ID='user_activity_pipeline' AIRFLOW_CTX_TASK_ID='load_to_warehouse' AIRFLOW_CTX_EXECUTION_DATE='2025-12-21T00:00:00+00:00' AIRFLOW_CTX_TRY_NUMBER='2' AIRFLOW_CTX_DAG_RUN_ID='scheduled__2025-12-21T00:00:00+00:00'
[2025-12-23T22:40:18.198+0000] {taskinstance.py:2698} ERROR - Task failed with exception
Traceback (most recent call last):
  File "/home/airflow/.local/lib/python3.9/site-packages/airflow/models/taskinstance.py", line 433, in _execute_task
    result = execute_callable(context=context, **execute_callable_kwargs)
  File "/home/airflow/.local/lib/python3.9/site-packages/airflow/operators/python.py", line 199, in execute
    return_value = self.execute_callable()
  File "/home/airflow/.local/lib/python3.9/site-packages/airflow/operators/python.py", line 216, in execute_callable
    return self.python_callable(*self.op_args, **self.op_kwargs)
  File "/opt/airflow/dags/user_activity_pipeline.py", line 33, in load_task
    load(execution_date)
  File "/opt/airflow/project/etl.py", line 48, in load
    save_user_activity_daily(
TypeError: 'module' object is not callable
[2025-12-23T22:40:18.199+0000] {taskinstance.py:1138} INFO - Marking task as UP_FOR_RETRY. dag_id=user_activity_pipeline, task_id=load_to_warehouse, execution_date=20251221T000000, start_date=20251223T224018, end_date=20251223T224018
[2025-12-23T22:40:18.203+0000] {standard_task_runner.py:107} ERROR - Failed to execute job 16 for task load_to_warehouse ('module' object is not callable; 233)
[2025-12-23T22:40:18.214+0000] {local_task_job_runner.py:234} INFO - Task exited with return code 1
[2025-12-23T22:40:18.218+0000] {taskinstance.py:3280} INFO - 0 downstream tasks scheduled from follow-on schedule check
