[2025-12-23T22:35:17.286+0000] {taskinstance.py:1956} INFO - Dependencies all met for dep_context=non-requeueable deps ti=<TaskInstance: user_activity_pipeline.load_to_warehouse scheduled__2025-12-22T00:00:00+00:00 [queued]>
[2025-12-23T22:35:17.288+0000] {taskinstance.py:1956} INFO - Dependencies all met for dep_context=requeueable deps ti=<TaskInstance: user_activity_pipeline.load_to_warehouse scheduled__2025-12-22T00:00:00+00:00 [queued]>
[2025-12-23T22:35:17.288+0000] {taskinstance.py:2170} INFO - Starting attempt 1 of 3
[2025-12-23T22:35:17.294+0000] {taskinstance.py:2191} INFO - Executing <Task(PythonOperator): load_to_warehouse> on 2025-12-22 00:00:00+00:00
[2025-12-23T22:35:17.295+0000] {standard_task_runner.py:60} INFO - Started process 190 to run task
[2025-12-23T22:35:17.298+0000] {standard_task_runner.py:87} INFO - Running: ['airflow', 'tasks', 'run', 'user_activity_pipeline', 'load_to_warehouse', 'scheduled__2025-12-22T00:00:00+00:00', '--job-id', '13', '--raw', '--subdir', 'DAGS_FOLDER/user_activity_pipeline.py', '--cfg-path', '/tmp/tmppkx4ab3z']
[2025-12-23T22:35:17.300+0000] {standard_task_runner.py:88} INFO - Job 13: Subtask load_to_warehouse
[2025-12-23T22:35:17.316+0000] {task_command.py:423} INFO - Running <TaskInstance: user_activity_pipeline.load_to_warehouse scheduled__2025-12-22T00:00:00+00:00 [running]> on host ee92ca13fa7e
[2025-12-23T22:35:17.394+0000] {taskinstance.py:2480} INFO - Exporting env vars: AIRFLOW_CTX_DAG_OWNER='airflow' AIRFLOW_CTX_DAG_ID='user_activity_pipeline' AIRFLOW_CTX_TASK_ID='load_to_warehouse' AIRFLOW_CTX_EXECUTION_DATE='2025-12-22T00:00:00+00:00' AIRFLOW_CTX_TRY_NUMBER='1' AIRFLOW_CTX_DAG_RUN_ID='scheduled__2025-12-22T00:00:00+00:00'
[2025-12-23T22:35:17.394+0000] {taskinstance.py:2698} ERROR - Task failed with exception
Traceback (most recent call last):
  File "/home/airflow/.local/lib/python3.9/site-packages/airflow/models/taskinstance.py", line 433, in _execute_task
    result = execute_callable(context=context, **execute_callable_kwargs)
  File "/home/airflow/.local/lib/python3.9/site-packages/airflow/operators/python.py", line 199, in execute
    return_value = self.execute_callable()
  File "/home/airflow/.local/lib/python3.9/site-packages/airflow/operators/python.py", line 216, in execute_callable
    return self.python_callable(*self.op_args, **self.op_kwargs)
  File "/opt/airflow/dags/user_activity_pipeline.py", line 33, in load_task
    load(execution_date)
  File "/opt/airflow/project/etl.py", line 48, in load
    save_user_activity_daily(
TypeError: 'module' object is not callable
[2025-12-23T22:35:17.396+0000] {taskinstance.py:1138} INFO - Marking task as UP_FOR_RETRY. dag_id=user_activity_pipeline, task_id=load_to_warehouse, execution_date=20251222T000000, start_date=20251223T223517, end_date=20251223T223517
[2025-12-23T22:35:17.399+0000] {standard_task_runner.py:107} ERROR - Failed to execute job 13 for task load_to_warehouse ('module' object is not callable; 190)
[2025-12-23T22:35:17.435+0000] {local_task_job_runner.py:234} INFO - Task exited with return code 1
[2025-12-23T22:35:17.445+0000] {taskinstance.py:3280} INFO - 0 downstream tasks scheduled from follow-on schedule check
[2025-12-23T22:42:43.671+0000] {taskinstance.py:1956} INFO - Dependencies all met for dep_context=non-requeueable deps ti=<TaskInstance: user_activity_pipeline.load_to_warehouse scheduled__2025-12-22T00:00:00+00:00 [queued]>
[2025-12-23T22:42:43.674+0000] {taskinstance.py:1956} INFO - Dependencies all met for dep_context=requeueable deps ti=<TaskInstance: user_activity_pipeline.load_to_warehouse scheduled__2025-12-22T00:00:00+00:00 [queued]>
[2025-12-23T22:42:43.674+0000] {taskinstance.py:2170} INFO - Starting attempt 1 of 3
[2025-12-23T22:42:43.678+0000] {taskinstance.py:2191} INFO - Executing <Task(PythonOperator): load_to_warehouse> on 2025-12-22 00:00:00+00:00
[2025-12-23T22:42:43.680+0000] {standard_task_runner.py:60} INFO - Started process 191 to run task
[2025-12-23T22:42:43.683+0000] {standard_task_runner.py:87} INFO - Running: ['airflow', 'tasks', 'run', 'user_activity_pipeline', 'load_to_warehouse', 'scheduled__2025-12-22T00:00:00+00:00', '--job-id', '13', '--raw', '--subdir', 'DAGS_FOLDER/user_activity_pipeline.py', '--cfg-path', '/tmp/tmp4qve4mqw']
[2025-12-23T22:42:43.683+0000] {standard_task_runner.py:88} INFO - Job 13: Subtask load_to_warehouse
[2025-12-23T22:42:43.697+0000] {task_command.py:423} INFO - Running <TaskInstance: user_activity_pipeline.load_to_warehouse scheduled__2025-12-22T00:00:00+00:00 [running]> on host f6a8b915ead1
[2025-12-23T22:42:43.766+0000] {taskinstance.py:2480} INFO - Exporting env vars: AIRFLOW_CTX_DAG_OWNER='airflow' AIRFLOW_CTX_DAG_ID='user_activity_pipeline' AIRFLOW_CTX_TASK_ID='load_to_warehouse' AIRFLOW_CTX_EXECUTION_DATE='2025-12-22T00:00:00+00:00' AIRFLOW_CTX_TRY_NUMBER='1' AIRFLOW_CTX_DAG_RUN_ID='scheduled__2025-12-22T00:00:00+00:00'
[2025-12-23T22:42:43.767+0000] {taskinstance.py:2698} ERROR - Task failed with exception
Traceback (most recent call last):
  File "/home/airflow/.local/lib/python3.9/site-packages/airflow/models/taskinstance.py", line 433, in _execute_task
    result = execute_callable(context=context, **execute_callable_kwargs)
  File "/home/airflow/.local/lib/python3.9/site-packages/airflow/operators/python.py", line 199, in execute
    return_value = self.execute_callable()
  File "/home/airflow/.local/lib/python3.9/site-packages/airflow/operators/python.py", line 216, in execute_callable
    return self.python_callable(*self.op_args, **self.op_kwargs)
  File "/opt/airflow/dags/user_activity_pipeline.py", line 33, in load_task
    load(execution_date)
  File "/opt/airflow/project/etl.py", line 48, in load
    save_user_activity_daily(
TypeError: 'module' object is not callable
[2025-12-23T22:42:43.768+0000] {taskinstance.py:1138} INFO - Marking task as UP_FOR_RETRY. dag_id=user_activity_pipeline, task_id=load_to_warehouse, execution_date=20251222T000000, start_date=20251223T224243, end_date=20251223T224243
[2025-12-23T22:42:43.771+0000] {standard_task_runner.py:107} ERROR - Failed to execute job 13 for task load_to_warehouse ('module' object is not callable; 191)
[2025-12-23T22:42:43.780+0000] {local_task_job_runner.py:234} INFO - Task exited with return code 1
[2025-12-23T22:42:43.785+0000] {taskinstance.py:3280} INFO - 0 downstream tasks scheduled from follow-on schedule check
[2025-12-23T22:45:52.795+0000] {taskinstance.py:1956} INFO - Dependencies all met for dep_context=non-requeueable deps ti=<TaskInstance: user_activity_pipeline.load_to_warehouse scheduled__2025-12-22T00:00:00+00:00 [queued]>
[2025-12-23T22:45:52.797+0000] {taskinstance.py:1956} INFO - Dependencies all met for dep_context=requeueable deps ti=<TaskInstance: user_activity_pipeline.load_to_warehouse scheduled__2025-12-22T00:00:00+00:00 [queued]>
[2025-12-23T22:45:52.797+0000] {taskinstance.py:2170} INFO - Starting attempt 1 of 3
[2025-12-23T22:45:52.802+0000] {taskinstance.py:2191} INFO - Executing <Task(PythonOperator): load_to_warehouse> on 2025-12-22 00:00:00+00:00
[2025-12-23T22:45:52.805+0000] {standard_task_runner.py:60} INFO - Started process 190 to run task
[2025-12-23T22:45:52.806+0000] {standard_task_runner.py:87} INFO - Running: ['airflow', 'tasks', 'run', 'user_activity_pipeline', 'load_to_warehouse', 'scheduled__2025-12-22T00:00:00+00:00', '--job-id', '13', '--raw', '--subdir', 'DAGS_FOLDER/user_activity_pipeline.py', '--cfg-path', '/tmp/tmpxj4nud8m']
[2025-12-23T22:45:52.807+0000] {standard_task_runner.py:88} INFO - Job 13: Subtask load_to_warehouse
[2025-12-23T22:45:52.819+0000] {task_command.py:423} INFO - Running <TaskInstance: user_activity_pipeline.load_to_warehouse scheduled__2025-12-22T00:00:00+00:00 [running]> on host 71784f2a3374
[2025-12-23T22:45:52.891+0000] {taskinstance.py:2480} INFO - Exporting env vars: AIRFLOW_CTX_DAG_OWNER='airflow' AIRFLOW_CTX_DAG_ID='user_activity_pipeline' AIRFLOW_CTX_TASK_ID='load_to_warehouse' AIRFLOW_CTX_EXECUTION_DATE='2025-12-22T00:00:00+00:00' AIRFLOW_CTX_TRY_NUMBER='1' AIRFLOW_CTX_DAG_RUN_ID='scheduled__2025-12-22T00:00:00+00:00'
[2025-12-23T22:45:52.895+0000] {logging_mixin.py:188} INFO - [GOLD] Loaded 3 user metrics for 2025-12-22
[2025-12-23T22:45:52.895+0000] {python.py:201} INFO - Done. Returned value was: None
[2025-12-23T22:45:52.897+0000] {taskinstance.py:1138} INFO - Marking task as SUCCESS. dag_id=user_activity_pipeline, task_id=load_to_warehouse, execution_date=20251222T000000, start_date=20251223T224552, end_date=20251223T224552
[2025-12-23T22:45:52.907+0000] {local_task_job_runner.py:234} INFO - Task exited with return code 0
[2025-12-23T22:45:52.912+0000] {taskinstance.py:3280} INFO - 0 downstream tasks scheduled from follow-on schedule check
[2026-01-01T21:25:05.180+0000] {taskinstance.py:1956} INFO - Dependencies all met for dep_context=non-requeueable deps ti=<TaskInstance: user_activity_pipeline.load_to_warehouse scheduled__2025-12-22T00:00:00+00:00 [queued]>
[2026-01-01T21:25:05.182+0000] {taskinstance.py:1956} INFO - Dependencies all met for dep_context=requeueable deps ti=<TaskInstance: user_activity_pipeline.load_to_warehouse scheduled__2025-12-22T00:00:00+00:00 [queued]>
[2026-01-01T21:25:05.183+0000] {taskinstance.py:2170} INFO - Starting attempt 1 of 3
[2026-01-01T21:25:05.187+0000] {taskinstance.py:2191} INFO - Executing <Task(PythonOperator): load_to_warehouse> on 2025-12-22 00:00:00+00:00
[2026-01-01T21:25:05.188+0000] {standard_task_runner.py:60} INFO - Started process 394 to run task
[2026-01-01T21:25:05.189+0000] {standard_task_runner.py:87} INFO - Running: ['airflow', 'tasks', 'run', 'user_activity_pipeline', 'load_to_warehouse', 'scheduled__2025-12-22T00:00:00+00:00', '--job-id', '17', '--raw', '--subdir', 'DAGS_FOLDER/user_activity_pipeline.py', '--cfg-path', '/tmp/tmpisp8jt4r']
[2026-01-01T21:25:05.190+0000] {standard_task_runner.py:88} INFO - Job 17: Subtask load_to_warehouse
[2026-01-01T21:25:05.202+0000] {task_command.py:423} INFO - Running <TaskInstance: user_activity_pipeline.load_to_warehouse scheduled__2025-12-22T00:00:00+00:00 [running]> on host 07e7948992e5
[2026-01-01T21:25:05.326+0000] {taskinstance.py:2480} INFO - Exporting env vars: AIRFLOW_CTX_DAG_OWNER='airflow' AIRFLOW_CTX_DAG_ID='user_activity_pipeline' AIRFLOW_CTX_TASK_ID='load_to_warehouse' AIRFLOW_CTX_EXECUTION_DATE='2025-12-22T00:00:00+00:00' AIRFLOW_CTX_TRY_NUMBER='1' AIRFLOW_CTX_DAG_RUN_ID='scheduled__2025-12-22T00:00:00+00:00'
[2026-01-01T21:25:05.330+0000] {logging_mixin.py:188} INFO - [GOLD] Loaded 3 user metrics for 2025-12-22
[2026-01-01T21:25:05.330+0000] {python.py:201} INFO - Done. Returned value was: None
[2026-01-01T21:25:05.334+0000] {taskinstance.py:1138} INFO - Marking task as SUCCESS. dag_id=user_activity_pipeline, task_id=load_to_warehouse, execution_date=20251222T000000, start_date=20260101T212505, end_date=20260101T212505
[2026-01-01T21:25:05.369+0000] {local_task_job_runner.py:234} INFO - Task exited with return code 0
[2026-01-01T21:25:05.397+0000] {taskinstance.py:3280} INFO - 1 downstream tasks scheduled from follow-on schedule check
