[2025-12-26T00:56:12.580+0000] {taskinstance.py:1956} INFO - Dependencies all met for dep_context=non-requeueable deps ti=<TaskInstance: user_activity_pipeline.load_to_warehouse scheduled__2025-12-25T00:00:00+00:00 [queued]>
[2025-12-26T00:56:12.582+0000] {taskinstance.py:1956} INFO - Dependencies all met for dep_context=requeueable deps ti=<TaskInstance: user_activity_pipeline.load_to_warehouse scheduled__2025-12-25T00:00:00+00:00 [queued]>
[2025-12-26T00:56:12.583+0000] {taskinstance.py:2170} INFO - Starting attempt 1 of 3
[2025-12-26T00:56:12.587+0000] {taskinstance.py:2191} INFO - Executing <Task(PythonOperator): load_to_warehouse> on 2025-12-25 00:00:00+00:00
[2025-12-26T00:56:12.589+0000] {standard_task_runner.py:60} INFO - Started process 1689 to run task
[2025-12-26T00:56:12.590+0000] {standard_task_runner.py:87} INFO - Running: ['airflow', 'tasks', 'run', 'user_activity_pipeline', 'load_to_warehouse', 'scheduled__2025-12-25T00:00:00+00:00', '--job-id', '22', '--raw', '--subdir', 'DAGS_FOLDER/user_activity_pipeline.py', '--cfg-path', '/tmp/tmpkddq_2wg']
[2025-12-26T00:56:12.591+0000] {standard_task_runner.py:88} INFO - Job 22: Subtask load_to_warehouse
[2025-12-26T00:56:12.605+0000] {task_command.py:423} INFO - Running <TaskInstance: user_activity_pipeline.load_to_warehouse scheduled__2025-12-25T00:00:00+00:00 [running]> on host 71784f2a3374
[2025-12-26T00:56:12.685+0000] {taskinstance.py:2480} INFO - Exporting env vars: AIRFLOW_CTX_DAG_OWNER='airflow' AIRFLOW_CTX_DAG_ID='user_activity_pipeline' AIRFLOW_CTX_TASK_ID='load_to_warehouse' AIRFLOW_CTX_EXECUTION_DATE='2025-12-25T00:00:00+00:00' AIRFLOW_CTX_TRY_NUMBER='1' AIRFLOW_CTX_DAG_RUN_ID='scheduled__2025-12-25T00:00:00+00:00'
[2025-12-26T00:56:12.698+0000] {logging_mixin.py:188} INFO - [GOLD] Loaded 3 user metrics for 2025-12-25
[2025-12-26T00:56:12.698+0000] {python.py:201} INFO - Done. Returned value was: None
[2025-12-26T00:56:12.700+0000] {taskinstance.py:1138} INFO - Marking task as SUCCESS. dag_id=user_activity_pipeline, task_id=load_to_warehouse, execution_date=20251225T000000, start_date=20251226T005612, end_date=20251226T005612
[2025-12-26T00:56:12.732+0000] {local_task_job_runner.py:234} INFO - Task exited with return code 0
[2025-12-26T00:56:12.737+0000] {taskinstance.py:3280} INFO - 0 downstream tasks scheduled from follow-on schedule check
[2026-01-01T21:25:26.990+0000] {taskinstance.py:1956} INFO - Dependencies all met for dep_context=non-requeueable deps ti=<TaskInstance: user_activity_pipeline.load_to_warehouse scheduled__2025-12-25T00:00:00+00:00 [queued]>
[2026-01-01T21:25:26.993+0000] {taskinstance.py:1956} INFO - Dependencies all met for dep_context=requeueable deps ti=<TaskInstance: user_activity_pipeline.load_to_warehouse scheduled__2025-12-25T00:00:00+00:00 [queued]>
[2026-01-01T21:25:26.993+0000] {taskinstance.py:2170} INFO - Starting attempt 1 of 3
[2026-01-01T21:25:26.997+0000] {taskinstance.py:2191} INFO - Executing <Task(PythonOperator): load_to_warehouse> on 2025-12-25 00:00:00+00:00
[2026-01-01T21:25:26.998+0000] {standard_task_runner.py:60} INFO - Started process 593 to run task
[2026-01-01T21:25:27.000+0000] {standard_task_runner.py:87} INFO - Running: ['airflow', 'tasks', 'run', 'user_activity_pipeline', 'load_to_warehouse', 'scheduled__2025-12-25T00:00:00+00:00', '--job-id', '35', '--raw', '--subdir', 'DAGS_FOLDER/user_activity_pipeline.py', '--cfg-path', '/tmp/tmpsr0novx_']
[2026-01-01T21:25:27.000+0000] {standard_task_runner.py:88} INFO - Job 35: Subtask load_to_warehouse
[2026-01-01T21:25:27.012+0000] {task_command.py:423} INFO - Running <TaskInstance: user_activity_pipeline.load_to_warehouse scheduled__2025-12-25T00:00:00+00:00 [running]> on host 07e7948992e5
[2026-01-01T21:25:27.086+0000] {taskinstance.py:2480} INFO - Exporting env vars: AIRFLOW_CTX_DAG_OWNER='airflow' AIRFLOW_CTX_DAG_ID='user_activity_pipeline' AIRFLOW_CTX_TASK_ID='load_to_warehouse' AIRFLOW_CTX_EXECUTION_DATE='2025-12-25T00:00:00+00:00' AIRFLOW_CTX_TRY_NUMBER='1' AIRFLOW_CTX_DAG_RUN_ID='scheduled__2025-12-25T00:00:00+00:00'
[2026-01-01T21:25:27.095+0000] {logging_mixin.py:188} INFO - [GOLD] Loaded 3 user metrics for 2025-12-25
[2026-01-01T21:25:27.095+0000] {python.py:201} INFO - Done. Returned value was: None
[2026-01-01T21:25:27.099+0000] {taskinstance.py:1138} INFO - Marking task as SUCCESS. dag_id=user_activity_pipeline, task_id=load_to_warehouse, execution_date=20251225T000000, start_date=20260101T212526, end_date=20260101T212527
[2026-01-01T21:25:27.139+0000] {local_task_job_runner.py:234} INFO - Task exited with return code 0
[2026-01-01T21:25:27.146+0000] {taskinstance.py:3280} INFO - 1 downstream tasks scheduled from follow-on schedule check
