[2025-12-23T22:42:42.550+0000] {taskinstance.py:1956} INFO - Dependencies all met for dep_context=non-requeueable deps ti=<TaskInstance: user_activity_pipeline.load_to_warehouse manual__2025-12-23T22:42:29.614719+00:00 [queued]>
[2025-12-23T22:42:42.553+0000] {taskinstance.py:1956} INFO - Dependencies all met for dep_context=requeueable deps ti=<TaskInstance: user_activity_pipeline.load_to_warehouse manual__2025-12-23T22:42:29.614719+00:00 [queued]>
[2025-12-23T22:42:42.553+0000] {taskinstance.py:2170} INFO - Starting attempt 1 of 3
[2025-12-23T22:42:42.557+0000] {taskinstance.py:2191} INFO - Executing <Task(PythonOperator): load_to_warehouse> on 2025-12-23 22:42:29.614719+00:00
[2025-12-23T22:42:42.559+0000] {standard_task_runner.py:60} INFO - Started process 180 to run task
[2025-12-23T22:42:42.561+0000] {standard_task_runner.py:87} INFO - Running: ['airflow', 'tasks', 'run', 'user_activity_pipeline', 'load_to_warehouse', 'manual__2025-12-23T22:42:29.614719+00:00', '--job-id', '12', '--raw', '--subdir', 'DAGS_FOLDER/user_activity_pipeline.py', '--cfg-path', '/tmp/tmp2gko0wsx']
[2025-12-23T22:42:42.563+0000] {standard_task_runner.py:88} INFO - Job 12: Subtask load_to_warehouse
[2025-12-23T22:42:42.577+0000] {task_command.py:423} INFO - Running <TaskInstance: user_activity_pipeline.load_to_warehouse manual__2025-12-23T22:42:29.614719+00:00 [running]> on host f6a8b915ead1
[2025-12-23T22:42:42.649+0000] {taskinstance.py:2480} INFO - Exporting env vars: AIRFLOW_CTX_DAG_OWNER='airflow' AIRFLOW_CTX_DAG_ID='user_activity_pipeline' AIRFLOW_CTX_TASK_ID='load_to_warehouse' AIRFLOW_CTX_EXECUTION_DATE='2025-12-23T22:42:29.614719+00:00' AIRFLOW_CTX_TRY_NUMBER='1' AIRFLOW_CTX_DAG_RUN_ID='manual__2025-12-23T22:42:29.614719+00:00'
[2025-12-23T22:42:42.649+0000] {taskinstance.py:2698} ERROR - Task failed with exception
Traceback (most recent call last):
  File "/home/airflow/.local/lib/python3.9/site-packages/airflow/models/taskinstance.py", line 433, in _execute_task
    result = execute_callable(context=context, **execute_callable_kwargs)
  File "/home/airflow/.local/lib/python3.9/site-packages/airflow/operators/python.py", line 199, in execute
    return_value = self.execute_callable()
  File "/home/airflow/.local/lib/python3.9/site-packages/airflow/operators/python.py", line 216, in execute_callable
    return self.python_callable(*self.op_args, **self.op_kwargs)
  File "/opt/airflow/dags/user_activity_pipeline.py", line 33, in load_task
    load(execution_date)
  File "/opt/airflow/project/etl.py", line 48, in load
    save_user_activity_daily(
TypeError: 'module' object is not callable
[2025-12-23T22:42:42.650+0000] {taskinstance.py:1138} INFO - Marking task as UP_FOR_RETRY. dag_id=user_activity_pipeline, task_id=load_to_warehouse, execution_date=20251223T224229, start_date=20251223T224242, end_date=20251223T224242
[2025-12-23T22:42:42.653+0000] {standard_task_runner.py:107} ERROR - Failed to execute job 12 for task load_to_warehouse ('module' object is not callable; 180)
[2025-12-23T22:42:42.657+0000] {local_task_job_runner.py:234} INFO - Task exited with return code 1
[2025-12-23T22:42:42.661+0000] {taskinstance.py:3280} INFO - 0 downstream tasks scheduled from follow-on schedule check
