[2025-12-23T22:35:13.873+0000] {taskinstance.py:1956} INFO - Dependencies all met for dep_context=non-requeueable deps ti=<TaskInstance: user_activity_pipeline.load_to_warehouse manual__2025-12-23T22:35:01.901894+00:00 [queued]>
[2025-12-23T22:35:13.875+0000] {taskinstance.py:1956} INFO - Dependencies all met for dep_context=requeueable deps ti=<TaskInstance: user_activity_pipeline.load_to_warehouse manual__2025-12-23T22:35:01.901894+00:00 [queued]>
[2025-12-23T22:35:13.876+0000] {taskinstance.py:2170} INFO - Starting attempt 1 of 3
[2025-12-23T22:35:13.880+0000] {taskinstance.py:2191} INFO - Executing <Task(PythonOperator): load_to_warehouse> on 2025-12-23 22:35:01.901894+00:00
[2025-12-23T22:35:13.882+0000] {standard_task_runner.py:60} INFO - Started process 157 to run task
[2025-12-23T22:35:13.883+0000] {standard_task_runner.py:87} INFO - Running: ['airflow', 'tasks', 'run', 'user_activity_pipeline', 'load_to_warehouse', 'manual__2025-12-23T22:35:01.901894+00:00', '--job-id', '10', '--raw', '--subdir', 'DAGS_FOLDER/user_activity_pipeline.py', '--cfg-path', '/tmp/tmph8iprwiz']
[2025-12-23T22:35:13.884+0000] {standard_task_runner.py:88} INFO - Job 10: Subtask load_to_warehouse
[2025-12-23T22:35:13.897+0000] {task_command.py:423} INFO - Running <TaskInstance: user_activity_pipeline.load_to_warehouse manual__2025-12-23T22:35:01.901894+00:00 [running]> on host ee92ca13fa7e
[2025-12-23T22:35:13.965+0000] {taskinstance.py:2480} INFO - Exporting env vars: AIRFLOW_CTX_DAG_OWNER='airflow' AIRFLOW_CTX_DAG_ID='user_activity_pipeline' AIRFLOW_CTX_TASK_ID='load_to_warehouse' AIRFLOW_CTX_EXECUTION_DATE='2025-12-23T22:35:01.901894+00:00' AIRFLOW_CTX_TRY_NUMBER='1' AIRFLOW_CTX_DAG_RUN_ID='manual__2025-12-23T22:35:01.901894+00:00'
[2025-12-23T22:35:13.966+0000] {taskinstance.py:2698} ERROR - Task failed with exception
Traceback (most recent call last):
  File "/home/airflow/.local/lib/python3.9/site-packages/airflow/models/taskinstance.py", line 433, in _execute_task
    result = execute_callable(context=context, **execute_callable_kwargs)
  File "/home/airflow/.local/lib/python3.9/site-packages/airflow/operators/python.py", line 199, in execute
    return_value = self.execute_callable()
  File "/home/airflow/.local/lib/python3.9/site-packages/airflow/operators/python.py", line 216, in execute_callable
    return self.python_callable(*self.op_args, **self.op_kwargs)
  File "/opt/airflow/dags/user_activity_pipeline.py", line 33, in load_task
    load(execution_date)
  File "/opt/airflow/project/etl.py", line 48, in load
    save_user_activity_daily(
TypeError: 'module' object is not callable
[2025-12-23T22:35:13.967+0000] {taskinstance.py:1138} INFO - Marking task as UP_FOR_RETRY. dag_id=user_activity_pipeline, task_id=load_to_warehouse, execution_date=20251223T223501, start_date=20251223T223513, end_date=20251223T223513
[2025-12-23T22:35:13.970+0000] {standard_task_runner.py:107} ERROR - Failed to execute job 10 for task load_to_warehouse ('module' object is not callable; 157)
[2025-12-23T22:35:13.981+0000] {local_task_job_runner.py:234} INFO - Task exited with return code 1
[2025-12-23T22:35:13.985+0000] {taskinstance.py:3280} INFO - 0 downstream tasks scheduled from follow-on schedule check
